{"C:\\Users\\julio\\StudioProjects\\chat-media-and-notifications-with-sockets\\notifications-service\\src\\app.module.ts": {"path":"C:\\Users\\julio\\StudioProjects\\chat-media-and-notifications-with-sockets\\notifications-service\\src\\app.module.ts","statementMap":{"0":{"start":{"line":1,"column":0},"end":{"line":1,"column":40}},"1":{"start":{"line":2,"column":0},"end":{"line":2,"column":48}},"2":{"start":{"line":3,"column":0},"end":{"line":3,"column":61}},"3":{"start":{"line":4,"column":0},"end":{"line":4,"column":40}},"4":{"start":{"line":5,"column":0},"end":{"line":5,"column":50}},"5":{"start":{"line":8,"column":0},"end":{"line":8,"column":62}},"6":{"start":{"line":11,"column":0},"end":{"line":11,"column":70}},"7":{"start":{"line":12,"column":0},"end":{"line":12,"column":73}},"8":{"start":{"line":15,"column":0},"end":{"line":15,"column":79}},"9":{"start":{"line":16,"column":0},"end":{"line":16,"column":67}},"10":{"start":{"line":19,"column":0},"end":{"line":19,"column":70}},"11":{"start":{"line":22,"column":0},"end":{"line":22,"column":52}},"12":{"start":{"line":25,"column":0},"end":{"line":25,"column":53}},"13":{"start":{"line":87,"column":7},"end":{"line":87,"column":null}},"14":{"start":{"line":87,"column":13},"end":{"line":87,"column":22}},"15":{"start":{"line":87,"column":13},"end":{"line":87,"column":null}},"16":{"start":{"line":38,"column":53},"end":{"line":49,"column":8}},"17":{"start":{"line":59,"column":53},"end":{"line":64,"column":8}}},"fnMap":{"0":{"name":"(anonymous_1)","decl":{"start":{"line":38,"column":18},"end":{"line":38,"column":19}},"loc":{"start":{"line":38,"column":53},"end":{"line":49,"column":8}}},"1":{"name":"(anonymous_2)","decl":{"start":{"line":59,"column":18},"end":{"line":59,"column":19}},"loc":{"start":{"line":59,"column":53},"end":{"line":64,"column":8}}}},"branchMap":{},"s":{"0":0,"1":0,"2":0,"3":0,"4":0,"5":0,"6":0,"7":0,"8":0,"9":0,"10":0,"11":0,"12":0,"13":0,"14":0,"15":0,"16":0,"17":0},"f":{"0":0,"1":0},"b":{}}
,"C:\\Users\\julio\\StudioProjects\\chat-media-and-notifications-with-sockets\\notifications-service\\src\\main.ts": {"path":"C:\\Users\\julio\\StudioProjects\\chat-media-and-notifications-with-sockets\\notifications-service\\src\\main.ts","statementMap":{"0":{"start":{"line":1,"column":0},"end":{"line":1,"column":43}},"1":{"start":{"line":2,"column":0},"end":{"line":2,"column":48}},"2":{"start":{"line":3,"column":0},"end":{"line":3,"column":65}},"3":{"start":{"line":4,"column":0},"end":{"line":4,"column":41}},"4":{"start":{"line":7,"column":14},"end":{"line":7,"column":49}},"5":{"start":{"line":9,"column":2},"end":{"line":13,"column":5}},"6":{"start":{"line":16,"column":2},"end":{"line":22,"column":4}},"7":{"start":{"line":25,"column":17},"end":{"line":86,"column":12}},"8":{"start":{"line":88,"column":19},"end":{"line":88,"column":60}},"9":{"start":{"line":89,"column":2},"end":{"line":89,"column":49}},"10":{"start":{"line":91,"column":15},"end":{"line":91,"column":39}},"11":{"start":{"line":92,"column":2},"end":{"line":92,"column":25}},"12":{"start":{"line":93,"column":2},"end":{"line":93,"column":73}},"13":{"start":{"line":94,"column":2},"end":{"line":94,"column":77}},"14":{"start":{"line":95,"column":2},"end":{"line":95,"column":68}},"15":{"start":{"line":98,"column":0},"end":{"line":98,"column":12}}},"fnMap":{"0":{"name":"bootstrap","decl":{"start":{"line":6,"column":15},"end":{"line":6,"column":24}},"loc":{"start":{"line":6,"column":24},"end":{"line":96,"column":1}}}},"branchMap":{"0":{"loc":{"start":{"line":91,"column":15},"end":{"line":91,"column":39}},"type":"binary-expr","locations":[{"start":{"line":91,"column":15},"end":{"line":91,"column":31}},{"start":{"line":91,"column":35},"end":{"line":91,"column":39}}]}},"s":{"0":0,"1":0,"2":0,"3":0,"4":0,"5":0,"6":0,"7":0,"8":0,"9":0,"10":0,"11":0,"12":0,"13":0,"14":0,"15":0},"f":{"0":0},"b":{"0":[0,0]}}
,"C:\\Users\\julio\\StudioProjects\\chat-media-and-notifications-with-sockets\\notifications-service\\src\\auth\\jwt-auth.guard.ts": {"path":"C:\\Users\\julio\\StudioProjects\\chat-media-and-notifications-with-sockets\\notifications-service\\src\\auth\\jwt-auth.guard.ts","statementMap":{"0":{"start":{"line":1,"column":0},"end":{"line":1,"column":98}},"1":{"start":{"line":2,"column":0},"end":{"line":2,"column":41}},"2":{"start":{"line":4,"column":0},"end":{"line":4,"column":47}},"3":{"start":{"line":7,"column":7},"end":{"line":38,"column":null}},"4":{"start":{"line":9,"column":12},"end":{"line":9,"column":24}},"5":{"start":{"line":10,"column":12},"end":{"line":10,"column":27}},"6":{"start":{"line":14,"column":20},"end":{"line":14,"column":64}},"7":{"start":{"line":15,"column":18},"end":{"line":15,"column":54}},"8":{"start":{"line":17,"column":4},"end":{"line":19,"column":5}},"9":{"start":{"line":18,"column":6},"end":{"line":18,"column":64}},"10":{"start":{"line":21,"column":4},"end":{"line":31,"column":5}},"11":{"start":{"line":22,"column":22},"end":{"line":24,"column":8}},"12":{"start":{"line":26,"column":6},"end":{"line":26,"column":32}},"13":{"start":{"line":28,"column":6},"end":{"line":28,"column":18}},"14":{"start":{"line":30,"column":6},"end":{"line":30,"column":56}},"15":{"start":{"line":35,"column":26},"end":{"line":35,"column":73}},"16":{"start":{"line":36,"column":4},"end":{"line":36,"column":49}},"17":{"start":{"line":7,"column":13},"end":{"line":7,"column":25}},"18":{"start":{"line":7,"column":13},"end":{"line":38,"column":null}}},"fnMap":{"0":{"name":"(anonymous_2)","decl":{"start":{"line":8,"column":2},"end":{"line":8,"column":null}},"loc":{"start":{"line":10,"column":40},"end":{"line":11,"column":6}}},"1":{"name":"(anonymous_3)","decl":{"start":{"line":13,"column":2},"end":{"line":13,"column":7}},"loc":{"start":{"line":13,"column":45},"end":{"line":32,"column":3}}},"2":{"name":"(anonymous_4)","decl":{"start":{"line":34,"column":10},"end":{"line":34,"column":32}},"loc":{"start":{"line":34,"column":49},"end":{"line":37,"column":3}}}},"branchMap":{"0":{"loc":{"start":{"line":17,"column":4},"end":{"line":19,"column":5}},"type":"if","locations":[{"start":{"line":17,"column":4},"end":{"line":19,"column":5}}]},"1":{"loc":{"start":{"line":35,"column":26},"end":{"line":35,"column":73}},"type":"binary-expr","locations":[{"start":{"line":35,"column":26},"end":{"line":35,"column":67}},{"start":{"line":35,"column":71},"end":{"line":35,"column":73}}]},"2":{"loc":{"start":{"line":36,"column":11},"end":{"line":36,"column":48}},"type":"cond-expr","locations":[{"start":{"line":36,"column":31},"end":{"line":36,"column":36}},{"start":{"line":36,"column":39},"end":{"line":36,"column":48}}]}},"s":{"0":1,"1":1,"2":1,"3":1,"4":0,"5":0,"6":0,"7":0,"8":0,"9":0,"10":0,"11":0,"12":0,"13":0,"14":0,"15":0,"16":0,"17":1,"18":1},"f":{"0":0,"1":0,"2":0},"b":{"0":[0],"1":[0,0],"2":[0,0]}}
,"C:\\Users\\julio\\StudioProjects\\chat-media-and-notifications-with-sockets\\notifications-service\\src\\config\\redis.config.ts": {"path":"C:\\Users\\julio\\StudioProjects\\chat-media-and-notifications-with-sockets\\notifications-service\\src\\config\\redis.config.ts","statementMap":{"0":{"start":{"line":1,"column":0},"end":{"line":1,"column":52}},"1":{"start":{"line":2,"column":0},"end":{"line":2,"column":47}},"2":{"start":{"line":3,"column":0},"end":{"line":3,"column":31}},"3":{"start":{"line":7,"column":24},"end":{"line":108,"column":null}},"4":{"start":{"line":14,"column":22},"end":{"line":14,"column":37}},"5":{"start":{"line":8,"column":19},"end":{"line":8,"column":57}},"6":{"start":{"line":15,"column":4},"end":{"line":15,"column":29}},"7":{"start":{"line":19,"column":21},"end":{"line":19,"column":92}},"8":{"start":{"line":21,"column":4},"end":{"line":21,"column":61}},"9":{"start":{"line":22,"column":4},"end":{"line":22,"column":59}},"10":{"start":{"line":23,"column":4},"end":{"line":23,"column":60}},"11":{"start":{"line":25,"column":4},"end":{"line":29,"column":7}},"12":{"start":{"line":31,"column":4},"end":{"line":31,"column":60}},"13":{"start":{"line":35,"column":4},"end":{"line":35,"column":28}},"14":{"start":{"line":39,"column":4},"end":{"line":39,"column":26}},"15":{"start":{"line":43,"column":4},"end":{"line":43,"column":27}},"16":{"start":{"line":48,"column":16},"end":{"line":48,"column":48}},"17":{"start":{"line":49,"column":16},"end":{"line":49,"column":20}},"18":{"start":{"line":51,"column":4},"end":{"line":51,"column":74}},"19":{"start":{"line":56,"column":16},"end":{"line":56,"column":48}},"20":{"start":{"line":57,"column":19},"end":{"line":57,"column":50}},"21":{"start":{"line":59,"column":4},"end":{"line":59,"column":46}},"22":{"start":{"line":64,"column":16},"end":{"line":64,"column":48}},"23":{"start":{"line":65,"column":4},"end":{"line":65,"column":36}},"24":{"start":{"line":70,"column":4},"end":{"line":70,"column":84}},"25":{"start":{"line":75,"column":4},"end":{"line":75,"column":75}},"26":{"start":{"line":80,"column":16},"end":{"line":80,"column":44}},"27":{"start":{"line":81,"column":4},"end":{"line":81,"column":47}},"28":{"start":{"line":82,"column":4},"end":{"line":82,"column":45}},"29":{"start":{"line":87,"column":16},"end":{"line":87,"column":44}},"30":{"start":{"line":88,"column":4},"end":{"line":88,"column":47}},"31":{"start":{"line":93,"column":16},"end":{"line":93,"column":44}},"32":{"start":{"line":94,"column":4},"end":{"line":94,"column":48}},"33":{"start":{"line":99,"column":16},"end":{"line":99,"column":38}},"34":{"start":{"line":100,"column":20},"end":{"line":100,"column":52}},"35":{"start":{"line":102,"column":4},"end":{"line":104,"column":5}},"36":{"start":{"line":103,"column":6},"end":{"line":103,"column":45}},"37":{"start":{"line":106,"column":4},"end":{"line":106,"column":25}},"38":{"start":{"line":7,"column":13},"end":{"line":7,"column":24}},"39":{"start":{"line":7,"column":13},"end":{"line":108,"column":null}}},"fnMap":{"0":{"name":"(anonymous_2)","decl":{"start":{"line":14,"column":2},"end":{"line":14,"column":22}},"loc":{"start":{"line":14,"column":50},"end":{"line":16,"column":3}}},"1":{"name":"(anonymous_3)","decl":{"start":{"line":18,"column":10},"end":{"line":18,"column":15}},"loc":{"start":{"line":18,"column":33},"end":{"line":32,"column":3}}},"2":{"name":"(anonymous_4)","decl":{"start":{"line":34,"column":2},"end":{"line":34,"column":11}},"loc":{"start":{"line":34,"column":11},"end":{"line":36,"column":3}}},"3":{"name":"(anonymous_5)","decl":{"start":{"line":38,"column":2},"end":{"line":38,"column":14}},"loc":{"start":{"line":38,"column":14},"end":{"line":40,"column":3}}},"4":{"name":"(anonymous_6)","decl":{"start":{"line":42,"column":2},"end":{"line":42,"column":15}},"loc":{"start":{"line":42,"column":15},"end":{"line":44,"column":3}}},"5":{"name":"(anonymous_7)","decl":{"start":{"line":47,"column":2},"end":{"line":47,"column":7}},"loc":{"start":{"line":47,"column":78},"end":{"line":52,"column":3}}},"6":{"name":"(anonymous_8)","decl":{"start":{"line":55,"column":2},"end":{"line":55,"column":7}},"loc":{"start":{"line":55,"column":45},"end":{"line":60,"column":3}}},"7":{"name":"(anonymous_9)","decl":{"start":{"line":63,"column":2},"end":{"line":63,"column":7}},"loc":{"start":{"line":63,"column":52},"end":{"line":66,"column":3}}},"8":{"name":"(anonymous_10)","decl":{"start":{"line":69,"column":2},"end":{"line":69,"column":7}},"loc":{"start":{"line":69,"column":61},"end":{"line":71,"column":3}}},"9":{"name":"(anonymous_11)","decl":{"start":{"line":74,"column":2},"end":{"line":74,"column":7}},"loc":{"start":{"line":74,"column":92},"end":{"line":76,"column":3}}},"10":{"name":"(anonymous_12)","decl":{"start":{"line":79,"column":2},"end":{"line":79,"column":7}},"loc":{"start":{"line":79,"column":58},"end":{"line":83,"column":3}}},"11":{"name":"(anonymous_13)","decl":{"start":{"line":86,"column":2},"end":{"line":86,"column":7}},"loc":{"start":{"line":86,"column":61},"end":{"line":89,"column":3}}},"12":{"name":"(anonymous_14)","decl":{"start":{"line":92,"column":2},"end":{"line":92,"column":7}},"loc":{"start":{"line":92,"column":41},"end":{"line":95,"column":3}}},"13":{"name":"(anonymous_15)","decl":{"start":{"line":98,"column":2},"end":{"line":98,"column":7}},"loc":{"start":{"line":98,"column":37},"end":{"line":107,"column":3}}}},"branchMap":{"0":{"loc":{"start":{"line":19,"column":21},"end":{"line":19,"column":92}},"type":"binary-expr","locations":[{"start":{"line":19,"column":21},"end":{"line":19,"column":64}},{"start":{"line":19,"column":68},"end":{"line":19,"column":92}}]},"1":{"loc":{"start":{"line":59,"column":11},"end":{"line":59,"column":45}},"type":"cond-expr","locations":[{"start":{"line":59,"column":20},"end":{"line":59,"column":38}},{"start":{"line":59,"column":41},"end":{"line":59,"column":45}}]},"2":{"loc":{"start":{"line":102,"column":4},"end":{"line":104,"column":5}},"type":"if","locations":[{"start":{"line":102,"column":4},"end":{"line":104,"column":5}}]}},"s":{"0":4,"1":4,"2":4,"3":4,"4":0,"5":0,"6":0,"7":0,"8":0,"9":0,"10":0,"11":0,"12":0,"13":0,"14":0,"15":0,"16":0,"17":0,"18":0,"19":0,"20":0,"21":0,"22":0,"23":0,"24":0,"25":0,"26":0,"27":0,"28":0,"29":0,"30":0,"31":0,"32":0,"33":0,"34":0,"35":0,"36":0,"37":0,"38":4,"39":4},"f":{"0":0,"1":0,"2":0,"3":0,"4":0,"5":0,"6":0,"7":0,"8":0,"9":0,"10":0,"11":0,"12":0,"13":0},"b":{"0":[0,0],"1":[0,0],"2":[0]}}
,"C:\\Users\\julio\\StudioProjects\\chat-media-and-notifications-with-sockets\\notifications-service\\src\\controllers\\health.controller.ts": {"path":"C:\\Users\\julio\\StudioProjects\\chat-media-and-notifications-with-sockets\\notifications-service\\src\\controllers\\health.controller.ts","statementMap":{"0":{"start":{"line":1,"column":0},"end":{"line":1,"column":49}},"1":{"start":{"line":2,"column":0},"end":{"line":2,"column":69}},"2":{"start":{"line":6,"column":7},"end":{"line":30,"column":null}},"3":{"start":{"line":23,"column":4},"end":{"line":28,"column":6}},"4":{"start":{"line":6,"column":13},"end":{"line":6,"column":29}},"5":{"start":{"line":22,"column":2},"end":{"line":29,"column":null}},"6":{"start":{"line":6,"column":13},"end":{"line":30,"column":null}}},"fnMap":{"0":{"name":"(anonymous_2)","decl":{"start":{"line":22,"column":2},"end":{"line":22,"column":11}},"loc":{"start":{"line":22,"column":11},"end":{"line":29,"column":3}}}},"branchMap":{},"s":{"0":0,"1":0,"2":0,"3":0,"4":0,"5":0,"6":0},"f":{"0":0},"b":{}}
,"C:\\Users\\julio\\StudioProjects\\chat-media-and-notifications-with-sockets\\notifications-service\\src\\controllers\\notification.controller.ts": {"path":"C:\\Users\\julio\\StudioProjects\\chat-media-and-notifications-with-sockets\\notifications-service\\src\\controllers\\notification.controller.ts","statementMap":{"0":{"start":{"line":1,"column":0},"end":{"line":1,"column":null}},"1":{"start":{"line":14,"column":0},"end":{"line":14,"column":null}},"2":{"start":{"line":22,"column":0},"end":{"line":22,"column":71}},"3":{"start":{"line":23,"column":0},"end":{"line":23,"column":71}},"4":{"start":{"line":24,"column":0},"end":{"line":24,"column":86}},"5":{"start":{"line":25,"column":0},"end":{"line":25,"column":73}},"6":{"start":{"line":26,"column":0},"end":{"line":26,"column":54}},"7":{"start":{"line":32,"column":7},"end":{"line":236,"column":null}},"8":{"start":{"line":33,"column":31},"end":{"line":33,"column":52}},"9":{"start":{"line":49,"column":4},"end":{"line":49,"column":72}},"10":{"start":{"line":62,"column":19},"end":{"line":62,"column":46}},"11":{"start":{"line":63,"column":4},"end":{"line":63,"column":67}},"12":{"start":{"line":76,"column":19},"end":{"line":76,"column":46}},"13":{"start":{"line":77,"column":4},"end":{"line":77,"column":61}},"14":{"start":{"line":96,"column":19},"end":{"line":96,"column":46}},"15":{"start":{"line":97,"column":18},"end":{"line":97,"column":71}},"16":{"start":{"line":98,"column":4},"end":{"line":98,"column":21}},"17":{"start":{"line":116,"column":19},"end":{"line":116,"column":46}},"18":{"start":{"line":117,"column":4},"end":{"line":117,"column":62}},"19":{"start":{"line":139,"column":19},"end":{"line":139,"column":46}},"20":{"start":{"line":140,"column":4},"end":{"line":140,"column":84}},"21":{"start":{"line":154,"column":19},"end":{"line":154,"column":46}},"22":{"start":{"line":155,"column":4},"end":{"line":155,"column":99}},"23":{"start":{"line":174,"column":19},"end":{"line":174,"column":46}},"24":{"start":{"line":175,"column":4},"end":{"line":175,"column":76}},"25":{"start":{"line":194,"column":19},"end":{"line":194,"column":46}},"26":{"start":{"line":195,"column":4},"end":{"line":195,"column":64}},"27":{"start":{"line":213,"column":19},"end":{"line":213,"column":46}},"28":{"start":{"line":214,"column":4},"end":{"line":214,"column":54}},"29":{"start":{"line":215,"column":4},"end":{"line":215,"column":62}},"30":{"start":{"line":234,"column":4},"end":{"line":234,"column":72}},"31":{"start":{"line":32,"column":13},"end":{"line":32,"column":35}},"32":{"start":{"line":48,"column":8},"end":{"line":50,"column":null}},"33":{"start":{"line":61,"column":8},"end":{"line":64,"column":null}},"34":{"start":{"line":75,"column":8},"end":{"line":78,"column":null}},"35":{"start":{"line":95,"column":8},"end":{"line":99,"column":null}},"36":{"start":{"line":115,"column":8},"end":{"line":118,"column":null}},"37":{"start":{"line":134,"column":8},"end":{"line":141,"column":null}},"38":{"start":{"line":153,"column":8},"end":{"line":156,"column":null}},"39":{"start":{"line":173,"column":8},"end":{"line":176,"column":null}},"40":{"start":{"line":193,"column":8},"end":{"line":196,"column":null}},"41":{"start":{"line":212,"column":8},"end":{"line":216,"column":null}},"42":{"start":{"line":233,"column":8},"end":{"line":235,"column":null}},"43":{"start":{"line":32,"column":13},"end":{"line":236,"column":null}}},"fnMap":{"0":{"name":"(anonymous_4)","decl":{"start":{"line":33,"column":2},"end":{"line":33,"column":31}},"loc":{"start":{"line":33,"column":71},"end":{"line":33,"column":75}}},"1":{"name":"(anonymous_5)","decl":{"start":{"line":48,"column":2},"end":{"line":48,"column":7}},"loc":{"start":{"line":48,"column":67},"end":{"line":50,"column":3}}},"2":{"name":"(anonymous_6)","decl":{"start":{"line":61,"column":2},"end":{"line":61,"column":7}},"loc":{"start":{"line":61,"column":72},"end":{"line":64,"column":3}}},"3":{"name":"(anonymous_7)","decl":{"start":{"line":75,"column":2},"end":{"line":75,"column":7}},"loc":{"start":{"line":75,"column":33},"end":{"line":78,"column":3}}},"4":{"name":"(anonymous_8)","decl":{"start":{"line":95,"column":2},"end":{"line":95,"column":7}},"loc":{"start":{"line":95,"column":37},"end":{"line":99,"column":3}}},"5":{"name":"(anonymous_9)","decl":{"start":{"line":115,"column":2},"end":{"line":115,"column":7}},"loc":{"start":{"line":115,"column":55},"end":{"line":118,"column":3}}},"6":{"name":"(anonymous_10)","decl":{"start":{"line":134,"column":2},"end":{"line":134,"column":7}},"loc":{"start":{"line":137,"column":18},"end":{"line":141,"column":3}}},"7":{"name":"(anonymous_11)","decl":{"start":{"line":153,"column":2},"end":{"line":153,"column":7}},"loc":{"start":{"line":153,"column":58},"end":{"line":156,"column":3}}},"8":{"name":"(anonymous_12)","decl":{"start":{"line":173,"column":2},"end":{"line":173,"column":7}},"loc":{"start":{"line":173,"column":79},"end":{"line":176,"column":3}}},"9":{"name":"(anonymous_13)","decl":{"start":{"line":193,"column":2},"end":{"line":193,"column":7}},"loc":{"start":{"line":193,"column":36},"end":{"line":196,"column":3}}},"10":{"name":"(anonymous_14)","decl":{"start":{"line":212,"column":2},"end":{"line":212,"column":7}},"loc":{"start":{"line":212,"column":54},"end":{"line":216,"column":3}}},"11":{"name":"(anonymous_15)","decl":{"start":{"line":233,"column":2},"end":{"line":233,"column":7}},"loc":{"start":{"line":233,"column":22},"end":{"line":235,"column":3}}}},"branchMap":{"0":{"loc":{"start":{"line":62,"column":19},"end":{"line":62,"column":46}},"type":"binary-expr","locations":[{"start":{"line":62,"column":19},"end":{"line":62,"column":31}},{"start":{"line":62,"column":35},"end":{"line":62,"column":46}}]},"1":{"loc":{"start":{"line":76,"column":19},"end":{"line":76,"column":46}},"type":"binary-expr","locations":[{"start":{"line":76,"column":19},"end":{"line":76,"column":31}},{"start":{"line":76,"column":35},"end":{"line":76,"column":46}}]},"2":{"loc":{"start":{"line":96,"column":19},"end":{"line":96,"column":46}},"type":"binary-expr","locations":[{"start":{"line":96,"column":19},"end":{"line":96,"column":31}},{"start":{"line":96,"column":35},"end":{"line":96,"column":46}}]},"3":{"loc":{"start":{"line":116,"column":19},"end":{"line":116,"column":46}},"type":"binary-expr","locations":[{"start":{"line":116,"column":19},"end":{"line":116,"column":31}},{"start":{"line":116,"column":35},"end":{"line":116,"column":46}}]},"4":{"loc":{"start":{"line":139,"column":19},"end":{"line":139,"column":46}},"type":"binary-expr","locations":[{"start":{"line":139,"column":19},"end":{"line":139,"column":31}},{"start":{"line":139,"column":35},"end":{"line":139,"column":46}}]},"5":{"loc":{"start":{"line":154,"column":19},"end":{"line":154,"column":46}},"type":"binary-expr","locations":[{"start":{"line":154,"column":19},"end":{"line":154,"column":31}},{"start":{"line":154,"column":35},"end":{"line":154,"column":46}}]},"6":{"loc":{"start":{"line":174,"column":19},"end":{"line":174,"column":46}},"type":"binary-expr","locations":[{"start":{"line":174,"column":19},"end":{"line":174,"column":31}},{"start":{"line":174,"column":35},"end":{"line":174,"column":46}}]},"7":{"loc":{"start":{"line":194,"column":19},"end":{"line":194,"column":46}},"type":"binary-expr","locations":[{"start":{"line":194,"column":19},"end":{"line":194,"column":31}},{"start":{"line":194,"column":35},"end":{"line":194,"column":46}}]},"8":{"loc":{"start":{"line":213,"column":19},"end":{"line":213,"column":46}},"type":"binary-expr","locations":[{"start":{"line":213,"column":19},"end":{"line":213,"column":31}},{"start":{"line":213,"column":35},"end":{"line":213,"column":46}}]}},"s":{"0":1,"1":1,"2":1,"3":1,"4":1,"5":1,"6":1,"7":1,"8":14,"9":2,"10":2,"11":2,"12":1,"13":1,"14":1,"15":1,"16":1,"17":1,"18":1,"19":1,"20":1,"21":1,"22":1,"23":1,"24":1,"25":1,"26":1,"27":1,"28":1,"29":1,"30":1,"31":1,"32":1,"33":1,"34":1,"35":1,"36":1,"37":1,"38":1,"39":1,"40":1,"41":1,"42":1,"43":1},"f":{"0":14,"1":2,"2":2,"3":1,"4":1,"5":1,"6":1,"7":1,"8":1,"9":1,"10":1,"11":1},"b":{"0":[2,0],"1":[1,0],"2":[1,0],"3":[1,0],"4":[1,0],"5":[1,0],"6":[1,0],"7":[1,0],"8":[1,0]}}
,"C:\\Users\\julio\\StudioProjects\\chat-media-and-notifications-with-sockets\\notifications-service\\src\\dto\\create-notification.dto.ts": {"path":"C:\\Users\\julio\\StudioProjects\\chat-media-and-notifications-with-sockets\\notifications-service\\src\\dto\\create-notification.dto.ts","statementMap":{"0":{"start":{"line":1,"column":0},"end":{"line":1,"column":115}},"1":{"start":{"line":2,"column":0},"end":{"line":2,"column":67}},"2":{"start":{"line":3,"column":0},"end":{"line":3,"column":110}},"3":{"start":{"line":5,"column":0},"end":{"line":5,"column":13}},"4":{"start":{"line":8,"column":2},"end":{"line":8,"column":null}},"5":{"start":{"line":16,"column":2},"end":{"line":16,"column":null}},"6":{"start":{"line":20,"column":2},"end":{"line":20,"column":null}},"7":{"start":{"line":24,"column":2},"end":{"line":24,"column":null}},"8":{"start":{"line":29,"column":2},"end":{"line":29,"column":null}},"9":{"start":{"line":38,"column":2},"end":{"line":38,"column":null}},"10":{"start":{"line":49,"column":2},"end":{"line":49,"column":null}},"11":{"start":{"line":54,"column":2},"end":{"line":54,"column":null}},"12":{"start":{"line":59,"column":2},"end":{"line":59,"column":null}},"13":{"start":{"line":64,"column":2},"end":{"line":64,"column":null}}},"fnMap":{},"branchMap":{},"s":{"0":1,"1":1,"2":1,"3":1,"4":1,"5":1,"6":1,"7":1,"8":1,"9":1,"10":1,"11":1,"12":1,"13":1},"f":{},"b":{}}
,"C:\\Users\\julio\\StudioProjects\\chat-media-and-notifications-with-sockets\\notifications-service\\src\\dto\\notification-filters.dto.ts": {"path":"C:\\Users\\julio\\StudioProjects\\chat-media-and-notifications-with-sockets\\notifications-service\\src\\dto\\notification-filters.dto.ts","statementMap":{"0":{"start":{"line":1,"column":0},"end":{"line":1,"column":98}},"1":{"start":{"line":2,"column":0},"end":{"line":2,"column":54}},"2":{"start":{"line":3,"column":0},"end":{"line":3,"column":46}},"3":{"start":{"line":4,"column":0},"end":{"line":4,"column":89}},"4":{"start":{"line":34,"column":2},"end":{"line":34,"column":20}},"5":{"start":{"line":42,"column":2},"end":{"line":42,"column":22}},"6":{"start":{"line":6,"column":0},"end":{"line":6,"column":13}},"7":{"start":{"line":13,"column":2},"end":{"line":13,"column":null}},"8":{"start":{"line":21,"column":2},"end":{"line":21,"column":null}},"9":{"start":{"line":27,"column":2},"end":{"line":27,"column":null}},"10":{"start":{"line":26,"column":28},"end":{"line":26,"column":44}},"11":{"start":{"line":34,"column":2},"end":{"line":34,"column":null}},"12":{"start":{"line":33,"column":28},"end":{"line":33,"column":43}},"13":{"start":{"line":42,"column":2},"end":{"line":42,"column":null}},"14":{"start":{"line":41,"column":28},"end":{"line":41,"column":43}},"15":{"start":{"line":47,"column":2},"end":{"line":47,"column":null}},"16":{"start":{"line":52,"column":2},"end":{"line":52,"column":null}}},"fnMap":{"0":{"name":"(anonymous_2)","decl":{"start":{"line":6,"column":0},"end":{"line":6,"column":13}},"loc":{"start":{"line":6,"column":0},"end":{"line":53,"column":1}}},"1":{"name":"(anonymous_3)","decl":{"start":{"line":26,"column":13},"end":{"line":26,"column":14}},"loc":{"start":{"line":26,"column":28},"end":{"line":26,"column":44}}},"2":{"name":"(anonymous_4)","decl":{"start":{"line":33,"column":13},"end":{"line":33,"column":14}},"loc":{"start":{"line":33,"column":28},"end":{"line":33,"column":43}}},"3":{"name":"(anonymous_5)","decl":{"start":{"line":41,"column":13},"end":{"line":41,"column":14}},"loc":{"start":{"line":41,"column":28},"end":{"line":41,"column":43}}}},"branchMap":{},"s":{"0":2,"1":2,"2":2,"3":2,"4":0,"5":0,"6":2,"7":2,"8":2,"9":2,"10":0,"11":2,"12":0,"13":2,"14":0,"15":2,"16":2},"f":{"0":0,"1":0,"2":0,"3":0},"b":{}}
,"C:\\Users\\julio\\StudioProjects\\chat-media-and-notifications-with-sockets\\notifications-service\\src\\dto\\update-notification.dto.ts": {"path":"C:\\Users\\julio\\StudioProjects\\chat-media-and-notifications-with-sockets\\notifications-service\\src\\dto\\update-notification.dto.ts","statementMap":{"0":{"start":{"line":1,"column":0},"end":{"line":1,"column":70}},"1":{"start":{"line":2,"column":0},"end":{"line":2,"column":54}},"2":{"start":{"line":4,"column":0},"end":{"line":4,"column":13}},"3":{"start":{"line":8,"column":2},"end":{"line":8,"column":null}},"4":{"start":{"line":13,"column":2},"end":{"line":13,"column":null}},"5":{"start":{"line":16,"column":0},"end":{"line":16,"column":13}},"6":{"start":{"line":19,"column":2},"end":{"line":19,"column":null}}},"fnMap":{},"branchMap":{},"s":{"0":1,"1":1,"2":1,"3":1,"4":1,"5":1,"6":1},"f":{},"b":{}}
,"C:\\Users\\julio\\StudioProjects\\chat-media-and-notifications-with-sockets\\notifications-service\\src\\entities\\notification.entity.ts": {"path":"C:\\Users\\julio\\StudioProjects\\chat-media-and-notifications-with-sockets\\notifications-service\\src\\entities\\notification.entity.ts","statementMap":{"0":{"start":{"line":1,"column":0},"end":{"line":1,"column":108}},"1":{"start":{"line":3,"column":0},"end":{"line":3,"column":null}},"2":{"start":{"line":4,"column":2},"end":{"line":4,"column":null}},"3":{"start":{"line":5,"column":2},"end":{"line":5,"column":null}},"4":{"start":{"line":6,"column":2},"end":{"line":6,"column":null}},"5":{"start":{"line":7,"column":2},"end":{"line":7,"column":null}},"6":{"start":{"line":8,"column":2},"end":{"line":8,"column":null}},"7":{"start":{"line":10,"column":2},"end":{"line":10,"column":null}},"8":{"start":{"line":11,"column":2},"end":{"line":11,"column":null}},"9":{"start":{"line":12,"column":2},"end":{"line":12,"column":null}},"10":{"start":{"line":13,"column":2},"end":{"line":13,"column":null}},"11":{"start":{"line":14,"column":2},"end":{"line":14,"column":null}},"12":{"start":{"line":15,"column":2},"end":{"line":15,"column":null}},"13":{"start":{"line":16,"column":2},"end":{"line":16,"column":null}},"14":{"start":{"line":18,"column":2},"end":{"line":18,"column":null}},"15":{"start":{"line":19,"column":2},"end":{"line":19,"column":null}},"16":{"start":{"line":20,"column":2},"end":{"line":20,"column":null}},"17":{"start":{"line":21,"column":2},"end":{"line":21,"column":null}},"18":{"start":{"line":22,"column":2},"end":{"line":22,"column":null}},"19":{"start":{"line":24,"column":2},"end":{"line":24,"column":null}},"20":{"start":{"line":25,"column":2},"end":{"line":25,"column":null}},"21":{"start":{"line":26,"column":2},"end":{"line":26,"column":null}},"22":{"start":{"line":28,"column":2},"end":{"line":28,"column":null}},"23":{"start":{"line":29,"column":2},"end":{"line":29,"column":null}},"24":{"start":{"line":30,"column":2},"end":{"line":30,"column":null}},"25":{"start":{"line":31,"column":2},"end":{"line":31,"column":null}},"26":{"start":{"line":34,"column":0},"end":{"line":34,"column":null}},"27":{"start":{"line":35,"column":2},"end":{"line":35,"column":null}},"28":{"start":{"line":36,"column":2},"end":{"line":36,"column":null}},"29":{"start":{"line":37,"column":2},"end":{"line":37,"column":null}},"30":{"start":{"line":38,"column":2},"end":{"line":38,"column":null}},"31":{"start":{"line":41,"column":0},"end":{"line":41,"column":null}},"32":{"start":{"line":42,"column":2},"end":{"line":42,"column":null}},"33":{"start":{"line":43,"column":2},"end":{"line":43,"column":null}},"34":{"start":{"line":44,"column":2},"end":{"line":44,"column":null}},"35":{"start":{"line":45,"column":2},"end":{"line":45,"column":null}},"36":{"start":{"line":52,"column":7},"end":{"line":114,"column":null}},"37":{"start":{"line":52,"column":13},"end":{"line":52,"column":25}},"38":{"start":{"line":54,"column":2},"end":{"line":54,"column":null}},"39":{"start":{"line":58,"column":2},"end":{"line":58,"column":null}},"40":{"start":{"line":64,"column":2},"end":{"line":64,"column":null}},"41":{"start":{"line":67,"column":2},"end":{"line":67,"column":null}},"42":{"start":{"line":70,"column":2},"end":{"line":70,"column":null}},"43":{"start":{"line":73,"column":2},"end":{"line":73,"column":null}},"44":{"start":{"line":80,"column":2},"end":{"line":80,"column":null}},"45":{"start":{"line":88,"column":2},"end":{"line":88,"column":null}},"46":{"start":{"line":92,"column":2},"end":{"line":92,"column":null}},"47":{"start":{"line":95,"column":2},"end":{"line":95,"column":null}},"48":{"start":{"line":98,"column":2},"end":{"line":98,"column":null}},"49":{"start":{"line":101,"column":2},"end":{"line":101,"column":null}},"50":{"start":{"line":104,"column":2},"end":{"line":104,"column":null}},"51":{"start":{"line":107,"column":2},"end":{"line":107,"column":null}},"52":{"start":{"line":110,"column":2},"end":{"line":110,"column":null}},"53":{"start":{"line":113,"column":2},"end":{"line":113,"column":null}},"54":{"start":{"line":52,"column":13},"end":{"line":114,"column":null}}},"fnMap":{"0":{"name":"(anonymous_2)","decl":{"start":{"line":3,"column":0},"end":{"line":3,"column":12}},"loc":{"start":{"line":3,"column":28},"end":{"line":32,"column":1}}},"1":{"name":"(anonymous_3)","decl":{"start":{"line":34,"column":0},"end":{"line":34,"column":12}},"loc":{"start":{"line":34,"column":32},"end":{"line":39,"column":1}}},"2":{"name":"(anonymous_4)","decl":{"start":{"line":41,"column":0},"end":{"line":41,"column":12}},"loc":{"start":{"line":41,"column":31},"end":{"line":46,"column":1}}}},"branchMap":{"0":{"loc":{"start":{"line":3,"column":12},"end":{"line":3,"column":null}},"type":"binary-expr","locations":[{"start":{"line":3,"column":12},"end":{"line":3,"column":28}},{"start":{"line":3,"column":28},"end":{"line":3,"column":null}}]},"1":{"loc":{"start":{"line":34,"column":12},"end":{"line":34,"column":null}},"type":"binary-expr","locations":[{"start":{"line":34,"column":12},"end":{"line":34,"column":32}},{"start":{"line":34,"column":32},"end":{"line":34,"column":null}}]},"2":{"loc":{"start":{"line":41,"column":12},"end":{"line":41,"column":null}},"type":"binary-expr","locations":[{"start":{"line":41,"column":12},"end":{"line":41,"column":31}},{"start":{"line":41,"column":31},"end":{"line":41,"column":null}}]}},"s":{"0":4,"1":4,"2":4,"3":4,"4":4,"5":4,"6":4,"7":4,"8":4,"9":4,"10":4,"11":4,"12":4,"13":4,"14":4,"15":4,"16":4,"17":4,"18":4,"19":4,"20":4,"21":4,"22":4,"23":4,"24":4,"25":4,"26":4,"27":4,"28":4,"29":4,"30":4,"31":4,"32":4,"33":4,"34":4,"35":4,"36":4,"37":4,"38":4,"39":4,"40":4,"41":4,"42":4,"43":4,"44":4,"45":4,"46":4,"47":4,"48":4,"49":4,"50":4,"51":4,"52":4,"53":4,"54":4},"f":{"0":4,"1":4,"2":4},"b":{"0":[4,4],"1":[4,4],"2":[4,4]}}
,"C:\\Users\\julio\\StudioProjects\\chat-media-and-notifications-with-sockets\\notifications-service\\src\\gateways\\notification.gateway.ts": {"path":"C:\\Users\\julio\\StudioProjects\\chat-media-and-notifications-with-sockets\\notifications-service\\src\\gateways\\notification.gateway.ts","statementMap":{"0":{"start":{"line":1,"column":0},"end":{"line":1,"column":null}},"1":{"start":{"line":10,"column":0},"end":{"line":10,"column":43}},"2":{"start":{"line":11,"column":0},"end":{"line":11,"column":51}},"3":{"start":{"line":12,"column":0},"end":{"line":12,"column":41}},"4":{"start":{"line":13,"column":0},"end":{"line":13,"column":47}},"5":{"start":{"line":14,"column":0},"end":{"line":14,"column":53}},"6":{"start":{"line":15,"column":0},"end":{"line":15,"column":71}},"7":{"start":{"line":16,"column":0},"end":{"line":16,"column":73}},"8":{"start":{"line":33,"column":32},"end":{"line":236,"column":null}},"9":{"start":{"line":40,"column":12},"end":{"line":40,"column":24}},"10":{"start":{"line":41,"column":12},"end":{"line":41,"column":27}},"11":{"start":{"line":42,"column":12},"end":{"line":42,"column":25}},"12":{"start":{"line":43,"column":12},"end":{"line":43,"column":33}},"13":{"start":{"line":37,"column":19},"end":{"line":37,"column":65}},"14":{"start":{"line":45,"column":4},"end":{"line":45,"column":39}},"15":{"start":{"line":50,"column":4},"end":{"line":89,"column":5}},"16":{"start":{"line":51,"column":6},"end":{"line":51,"column":58}},"17":{"start":{"line":54,"column":20},"end":{"line":54,"column":58}},"18":{"start":{"line":55,"column":6},"end":{"line":72,"column":7}},"19":{"start":{"line":56,"column":8},"end":{"line":56,"column":71}},"20":{"start":{"line":58,"column":8},"end":{"line":58,"column":29}},"21":{"start":{"line":60,"column":8},"end":{"line":71,"column":9}},"22":{"start":{"line":62,"column":26},"end":{"line":64,"column":12}},"23":{"start":{"line":65,"column":10},"end":{"line":65,"column":52}},"24":{"start":{"line":67,"column":10},"end":{"line":67,"column":95}},"25":{"start":{"line":68,"column":10},"end":{"line":68,"column":66}},"26":{"start":{"line":69,"column":10},"end":{"line":69,"column":30}},"27":{"start":{"line":70,"column":10},"end":{"line":70,"column":17}},"28":{"start":{"line":75,"column":6},"end":{"line":75,"column":49}},"29":{"start":{"line":78,"column":6},"end":{"line":78,"column":73}},"30":{"start":{"line":80,"column":6},"end":{"line":80,"column":99}},"31":{"start":{"line":83,"column":6},"end":{"line":83,"column":49}},"32":{"start":{"line":86,"column":6},"end":{"line":86,"column":87}},"33":{"start":{"line":87,"column":6},"end":{"line":87,"column":66}},"34":{"start":{"line":88,"column":6},"end":{"line":88,"column":26}},"35":{"start":{"line":94,"column":4},"end":{"line":99,"column":5}},"36":{"start":{"line":95,"column":6},"end":{"line":95,"column":76}},"37":{"start":{"line":96,"column":6},"end":{"line":96,"column":88}},"38":{"start":{"line":98,"column":6},"end":{"line":98,"column":60}},"39":{"start":{"line":105,"column":4},"end":{"line":112,"column":5}},"40":{"start":{"line":106,"column":6},"end":{"line":106,"column":49}},"41":{"start":{"line":107,"column":6},"end":{"line":107,"column":65}},"42":{"start":{"line":110,"column":26},"end":{"line":110,"column":86}},"43":{"start":{"line":111,"column":6},"end":{"line":111,"column":58}},"44":{"start":{"line":121,"column":4},"end":{"line":124,"column":5}},"45":{"start":{"line":122,"column":6},"end":{"line":122,"column":58}},"46":{"start":{"line":123,"column":6},"end":{"line":123,"column":13}},"47":{"start":{"line":126,"column":4},"end":{"line":131,"column":5}},"48":{"start":{"line":127,"column":21},"end":{"line":127,"column":83}},"49":{"start":{"line":128,"column":6},"end":{"line":128,"column":43}},"50":{"start":{"line":130,"column":6},"end":{"line":130,"column":75}},"51":{"start":{"line":140,"column":4},"end":{"line":143,"column":5}},"52":{"start":{"line":141,"column":6},"end":{"line":141,"column":58}},"53":{"start":{"line":142,"column":6},"end":{"line":142,"column":13}},"54":{"start":{"line":145,"column":4},"end":{"line":155,"column":5}},"55":{"start":{"line":146,"column":21},"end":{"line":146,"column":83}},"56":{"start":{"line":147,"column":6},"end":{"line":147,"column":63}},"57":{"start":{"line":150,"column":26},"end":{"line":150,"column":86}},"58":{"start":{"line":151,"column":6},"end":{"line":151,"column":58}},"59":{"start":{"line":154,"column":6},"end":{"line":154,"column":70}},"60":{"start":{"line":160,"column":17},"end":{"line":160,"column":33}},"61":{"start":{"line":161,"column":4},"end":{"line":161,"column":64}},"62":{"start":{"line":164,"column":24},"end":{"line":164,"column":77}},"63":{"start":{"line":165,"column":4},"end":{"line":165,"column":70}},"64":{"start":{"line":170,"column":4},"end":{"line":172,"column":5}},"65":{"start":{"line":171,"column":6},"end":{"line":171,"column":62}},"66":{"start":{"line":177,"column":4},"end":{"line":177,"column":61}},"67":{"start":{"line":181,"column":4},"end":{"line":181,"column":31}},"68":{"start":{"line":181,"column":24},"end":{"line":181,"column":31}},"69":{"start":{"line":183,"column":4},"end":{"line":192,"column":5}},"70":{"start":{"line":184,"column":34},"end":{"line":184,"column":90}},"71":{"start":{"line":185,"column":26},"end":{"line":185,"column":52}},"72":{"start":{"line":187,"column":6},"end":{"line":187,"column":63}},"73":{"start":{"line":188,"column":6},"end":{"line":188,"column":58}},"74":{"start":{"line":191,"column":6},"end":{"line":191,"column":101}},"75":{"start":{"line":197,"column":27},"end":{"line":197,"column":65}},"76":{"start":{"line":198,"column":4},"end":{"line":200,"column":5}},"77":{"start":{"line":199,"column":6},"end":{"line":199,"column":28}},"78":{"start":{"line":203,"column":23},"end":{"line":203,"column":61}},"79":{"start":{"line":204,"column":4},"end":{"line":207,"column":5}},"80":{"start":{"line":205,"column":28},"end":{"line":205,"column":49}},"81":{"start":{"line":206,"column":6},"end":{"line":206,"column":46}},"82":{"start":{"line":209,"column":4},"end":{"line":209,"column":16}},"83":{"start":{"line":213,"column":4},"end":{"line":234,"column":5}},"84":{"start":{"line":215,"column":6},"end":{"line":229,"column":9}},"85":{"start":{"line":216,"column":8},"end":{"line":228,"column":9}},"86":{"start":{"line":217,"column":10},"end":{"line":217,"column":75}},"87":{"start":{"line":218,"column":23},"end":{"line":218,"column":42}},"88":{"start":{"line":221,"column":10},"end":{"line":225,"column":13}},"89":{"start":{"line":222,"column":12},"end":{"line":222,"column":92}},"90":{"start":{"line":224,"column":12},"end":{"line":224,"column":89}},"91":{"start":{"line":227,"column":10},"end":{"line":227,"column":79}},"92":{"start":{"line":231,"column":6},"end":{"line":231,"column":83}},"93":{"start":{"line":233,"column":6},"end":{"line":233,"column":82}},"94":{"start":{"line":33,"column":13},"end":{"line":33,"column":32}},"95":{"start":{"line":35,"column":2},"end":{"line":35,"column":null}},"96":{"start":{"line":104,"column":8},"end":{"line":113,"column":null}},"97":{"start":{"line":117,"column":8},"end":{"line":132,"column":null}},"98":{"start":{"line":136,"column":8},"end":{"line":156,"column":null}},"99":{"start":{"line":33,"column":13},"end":{"line":236,"column":null}}},"fnMap":{"0":{"name":"(anonymous_4)","decl":{"start":{"line":39,"column":2},"end":{"line":39,"column":null}},"loc":{"start":{"line":43,"column":52},"end":{"line":46,"column":3}}},"1":{"name":"(anonymous_5)","decl":{"start":{"line":49,"column":2},"end":{"line":49,"column":7}},"loc":{"start":{"line":49,"column":52},"end":{"line":90,"column":3}}},"2":{"name":"(anonymous_6)","decl":{"start":{"line":93,"column":2},"end":{"line":93,"column":7}},"loc":{"start":{"line":93,"column":52},"end":{"line":100,"column":3}}},"3":{"name":"(anonymous_7)","decl":{"start":{"line":104,"column":2},"end":{"line":104,"column":7}},"loc":{"start":{"line":104,"column":78},"end":{"line":113,"column":3}}},"4":{"name":"(anonymous_8)","decl":{"start":{"line":117,"column":2},"end":{"line":117,"column":7}},"loc":{"start":{"line":119,"column":50},"end":{"line":132,"column":3}}},"5":{"name":"(anonymous_9)","decl":{"start":{"line":136,"column":2},"end":{"line":136,"column":7}},"loc":{"start":{"line":138,"column":55},"end":{"line":156,"column":3}}},"6":{"name":"(anonymous_10)","decl":{"start":{"line":159,"column":2},"end":{"line":159,"column":7}},"loc":{"start":{"line":159,"column":64},"end":{"line":166,"column":3}}},"7":{"name":"(anonymous_11)","decl":{"start":{"line":169,"column":2},"end":{"line":169,"column":7}},"loc":{"start":{"line":169,"column":68},"end":{"line":173,"column":3}}},"8":{"name":"(anonymous_12)","decl":{"start":{"line":176,"column":2},"end":{"line":176,"column":7}},"loc":{"start":{"line":176,"column":47},"end":{"line":178,"column":3}}},"9":{"name":"(anonymous_13)","decl":{"start":{"line":180,"column":10},"end":{"line":180,"column":15}},"loc":{"start":{"line":180,"column":67},"end":{"line":193,"column":3}}},"10":{"name":"(anonymous_14)","decl":{"start":{"line":195,"column":10},"end":{"line":195,"column":35}},"loc":{"start":{"line":195,"column":50},"end":{"line":210,"column":3}}},"11":{"name":"(anonymous_15)","decl":{"start":{"line":212,"column":10},"end":{"line":212,"column":15}},"loc":{"start":{"line":212,"column":43},"end":{"line":235,"column":3}}},"12":{"name":"(anonymous_16)","decl":{"start":{"line":215,"column":70},"end":{"line":215,"column":71}},"loc":{"start":{"line":215,"column":90},"end":{"line":229,"column":7}}},"13":{"name":"(anonymous_17)","decl":{"start":{"line":221,"column":75},"end":{"line":221,"column":78}},"loc":{"start":{"line":221,"column":80},"end":{"line":223,"column":11}}},"14":{"name":"(anonymous_18)","decl":{"start":{"line":223,"column":19},"end":{"line":223,"column":24}},"loc":{"start":{"line":223,"column":27},"end":{"line":225,"column":11}}}},"branchMap":{"0":{"loc":{"start":{"line":55,"column":6},"end":{"line":72,"column":7}},"type":"if","locations":[{"start":{"line":55,"column":6},"end":{"line":72,"column":7}},{"start":{"line":59,"column":13},"end":{"line":72,"column":7}}]},"1":{"loc":{"start":{"line":65,"column":26},"end":{"line":65,"column":51}},"type":"binary-expr","locations":[{"start":{"line":65,"column":26},"end":{"line":65,"column":37}},{"start":{"line":65,"column":41},"end":{"line":65,"column":51}}]},"2":{"loc":{"start":{"line":94,"column":4},"end":{"line":99,"column":5}},"type":"if","locations":[{"start":{"line":94,"column":4},"end":{"line":99,"column":5}},{"start":{"line":97,"column":11},"end":{"line":99,"column":5}}]},"3":{"loc":{"start":{"line":105,"column":4},"end":{"line":112,"column":5}},"type":"if","locations":[{"start":{"line":105,"column":4},"end":{"line":112,"column":5}}]},"4":{"loc":{"start":{"line":121,"column":4},"end":{"line":124,"column":5}},"type":"if","locations":[{"start":{"line":121,"column":4},"end":{"line":124,"column":5}}]},"5":{"loc":{"start":{"line":140,"column":4},"end":{"line":143,"column":5}},"type":"if","locations":[{"start":{"line":140,"column":4},"end":{"line":143,"column":5}}]},"6":{"loc":{"start":{"line":181,"column":4},"end":{"line":181,"column":31}},"type":"if","locations":[{"start":{"line":181,"column":4},"end":{"line":181,"column":31}}]},"7":{"loc":{"start":{"line":198,"column":4},"end":{"line":200,"column":5}},"type":"if","locations":[{"start":{"line":198,"column":4},"end":{"line":200,"column":5}}]},"8":{"loc":{"start":{"line":204,"column":4},"end":{"line":207,"column":5}},"type":"if","locations":[{"start":{"line":204,"column":4},"end":{"line":207,"column":5}}]},"9":{"loc":{"start":{"line":206,"column":13},"end":{"line":206,"column":45}},"type":"cond-expr","locations":[{"start":{"line":206,"column":33},"end":{"line":206,"column":38}},{"start":{"line":206,"column":41},"end":{"line":206,"column":45}}]}},"s":{"0":1,"1":1,"2":1,"3":1,"4":1,"5":1,"6":1,"7":1,"8":1,"9":21,"10":21,"11":21,"12":21,"13":21,"14":21,"15":4,"16":4,"17":4,"18":4,"19":1,"20":1,"21":3,"22":3,"23":1,"24":2,"25":2,"26":2,"27":2,"28":2,"29":2,"30":2,"31":2,"32":0,"33":0,"34":0,"35":2,"36":1,"37":1,"38":1,"39":2,"40":1,"41":1,"42":1,"43":1,"44":3,"45":1,"46":1,"47":2,"48":2,"49":1,"50":1,"51":3,"52":1,"53":1,"54":2,"55":2,"56":1,"57":1,"58":1,"59":1,"60":1,"61":1,"62":1,"63":1,"64":1,"65":2,"66":1,"67":2,"68":1,"69":1,"70":1,"71":1,"72":1,"73":1,"74":0,"75":7,"76":7,"77":4,"78":3,"79":3,"80":1,"81":1,"82":2,"83":21,"84":21,"85":0,"86":0,"87":0,"88":0,"89":0,"90":0,"91":0,"92":21,"93":0,"94":1,"95":1,"96":1,"97":1,"98":1,"99":1},"f":{"0":21,"1":4,"2":2,"3":2,"4":3,"5":3,"6":1,"7":1,"8":1,"9":2,"10":7,"11":21,"12":0,"13":0,"14":0},"b":{"0":[1,3],"1":[1,0],"2":[1,1],"3":[1],"4":[1],"5":[1],"6":[1],"7":[4],"8":[1],"9":[1,0]}}
,"C:\\Users\\julio\\StudioProjects\\chat-media-and-notifications-with-sockets\\notifications-service\\src\\services\\event-listener.service.ts": {"path":"C:\\Users\\julio\\StudioProjects\\chat-media-and-notifications-with-sockets\\notifications-service\\src\\services\\event-listener.service.ts","statementMap":{"0":{"start":{"line":1,"column":0},"end":{"line":1,"column":83}},"1":{"start":{"line":2,"column":0},"end":{"line":2,"column":54}},"2":{"start":{"line":3,"column":0},"end":{"line":3,"column":61}},"3":{"start":{"line":4,"column":0},"end":{"line":4,"column":89}},"4":{"start":{"line":7,"column":33},"end":{"line":196,"column":null}},"5":{"start":{"line":11,"column":22},"end":{"line":11,"column":43}},"6":{"start":{"line":8,"column":19},"end":{"line":8,"column":66}},"7":{"start":{"line":12,"column":4},"end":{"line":14,"column":7}},"8":{"start":{"line":16,"column":4},"end":{"line":18,"column":7}},"9":{"start":{"line":17,"column":6},"end":{"line":17,"column":56}},"10":{"start":{"line":20,"column":4},"end":{"line":22,"column":7}},"11":{"start":{"line":21,"column":6},"end":{"line":21,"column":52}},"12":{"start":{"line":26,"column":4},"end":{"line":34,"column":5}},"13":{"start":{"line":27,"column":6},"end":{"line":27,"column":38}},"14":{"start":{"line":28,"column":6},"end":{"line":30,"column":9}},"15":{"start":{"line":29,"column":8},"end":{"line":29,"column":46}},"16":{"start":{"line":31,"column":6},"end":{"line":31,"column":67}},"17":{"start":{"line":33,"column":6},"end":{"line":33,"column":64}},"18":{"start":{"line":38,"column":4},"end":{"line":41,"column":5}},"19":{"start":{"line":39,"column":6},"end":{"line":39,"column":35}},"20":{"start":{"line":40,"column":6},"end":{"line":40,"column":60}},"21":{"start":{"line":45,"column":4},"end":{"line":69,"column":5}},"22":{"start":{"line":46,"column":24},"end":{"line":46,"column":43}},"23":{"start":{"line":47,"column":39},"end":{"line":47,"column":48}},"24":{"start":{"line":49,"column":6},"end":{"line":49,"column":66}},"25":{"start":{"line":51,"column":6},"end":{"line":66,"column":7}},"26":{"start":{"line":53,"column":10},"end":{"line":53,"column":48}},"27":{"start":{"line":54,"column":10},"end":{"line":54,"column":16}},"28":{"start":{"line":56,"column":10},"end":{"line":56,"column":43}},"29":{"start":{"line":57,"column":10},"end":{"line":57,"column":16}},"30":{"start":{"line":59,"column":10},"end":{"line":59,"column":49}},"31":{"start":{"line":60,"column":10},"end":{"line":60,"column":16}},"32":{"start":{"line":62,"column":10},"end":{"line":62,"column":44}},"33":{"start":{"line":63,"column":10},"end":{"line":63,"column":16}},"34":{"start":{"line":65,"column":10},"end":{"line":65,"column":59}},"35":{"start":{"line":68,"column":6},"end":{"line":68,"column":69}},"36":{"start":{"line":73,"column":4},"end":{"line":88,"column":5}},"37":{"start":{"line":74,"column":6},"end":{"line":84,"column":9}},"38":{"start":{"line":85,"column":6},"end":{"line":85,"column":79}},"39":{"start":{"line":87,"column":6},"end":{"line":87,"column":71}},"40":{"start":{"line":92,"column":4},"end":{"line":108,"column":5}},"41":{"start":{"line":93,"column":6},"end":{"line":104,"column":9}},"42":{"start":{"line":105,"column":6},"end":{"line":105,"column":77}},"43":{"start":{"line":107,"column":6},"end":{"line":107,"column":69}},"44":{"start":{"line":112,"column":4},"end":{"line":155,"column":5}},"45":{"start":{"line":114,"column":6},"end":{"line":129,"column":9}},"46":{"start":{"line":131,"column":6},"end":{"line":131,"column":98}},"47":{"start":{"line":134,"column":6},"end":{"line":149,"column":9}},"48":{"start":{"line":151,"column":6},"end":{"line":151,"column":86}},"49":{"start":{"line":154,"column":6},"end":{"line":154,"column":71}},"50":{"start":{"line":159,"column":4},"end":{"line":194,"column":5}},"51":{"start":{"line":164,"column":20},"end":{"line":164,"column":105}},"52":{"start":{"line":165,"column":22},"end":{"line":167,"column":133}},"53":{"start":{"line":171,"column":6},"end":{"line":189,"column":9}},"54":{"start":{"line":191,"column":6},"end":{"line":191,"column":85}},"55":{"start":{"line":193,"column":6},"end":{"line":193,"column":71}},"56":{"start":{"line":7,"column":13},"end":{"line":7,"column":33}},"57":{"start":{"line":7,"column":13},"end":{"line":196,"column":null}}},"fnMap":{"0":{"name":"(anonymous_2)","decl":{"start":{"line":11,"column":2},"end":{"line":11,"column":22}},"loc":{"start":{"line":11,"column":62},"end":{"line":23,"column":3}}},"1":{"name":"(anonymous_3)","decl":{"start":{"line":16,"column":32},"end":{"line":16,"column":33}},"loc":{"start":{"line":16,"column":40},"end":{"line":18,"column":5}}},"2":{"name":"(anonymous_4)","decl":{"start":{"line":20,"column":34},"end":{"line":20,"column":37}},"loc":{"start":{"line":20,"column":39},"end":{"line":22,"column":5}}},"3":{"name":"(anonymous_5)","decl":{"start":{"line":25,"column":2},"end":{"line":25,"column":7}},"loc":{"start":{"line":25,"column":20},"end":{"line":35,"column":3}}},"4":{"name":"(anonymous_6)","decl":{"start":{"line":28,"column":61},"end":{"line":28,"column":62}},"loc":{"start":{"line":28,"column":73},"end":{"line":30,"column":7}}},"5":{"name":"(anonymous_7)","decl":{"start":{"line":37,"column":2},"end":{"line":37,"column":7}},"loc":{"start":{"line":37,"column":23},"end":{"line":42,"column":3}}},"6":{"name":"(anonymous_8)","decl":{"start":{"line":44,"column":10},"end":{"line":44,"column":15}},"loc":{"start":{"line":44,"column":55},"end":{"line":70,"column":3}}},"7":{"name":"(anonymous_9)","decl":{"start":{"line":72,"column":10},"end":{"line":72,"column":15}},"loc":{"start":{"line":72,"column":46},"end":{"line":89,"column":3}}},"8":{"name":"(anonymous_10)","decl":{"start":{"line":91,"column":10},"end":{"line":91,"column":15}},"loc":{"start":{"line":91,"column":41},"end":{"line":109,"column":3}}},"9":{"name":"(anonymous_11)","decl":{"start":{"line":111,"column":10},"end":{"line":111,"column":15}},"loc":{"start":{"line":111,"column":47},"end":{"line":156,"column":3}}},"10":{"name":"(anonymous_12)","decl":{"start":{"line":158,"column":10},"end":{"line":158,"column":15}},"loc":{"start":{"line":158,"column":42},"end":{"line":195,"column":3}}}},"branchMap":{"0":{"loc":{"start":{"line":13,"column":11},"end":{"line":13,"column":70}},"type":"binary-expr","locations":[{"start":{"line":13,"column":11},"end":{"line":13,"column":32}},{"start":{"line":13,"column":36},"end":{"line":13,"column":70}}]},"1":{"loc":{"start":{"line":38,"column":4},"end":{"line":41,"column":5}},"type":"if","locations":[{"start":{"line":38,"column":4},"end":{"line":41,"column":5}}]},"2":{"loc":{"start":{"line":38,"column":8},"end":{"line":38,"column":49}},"type":"binary-expr","locations":[{"start":{"line":38,"column":8},"end":{"line":38,"column":23}},{"start":{"line":38,"column":27},"end":{"line":38,"column":49}}]},"3":{"loc":{"start":{"line":51,"column":6},"end":{"line":66,"column":7}},"type":"switch","locations":[{"start":{"line":52,"column":8},"end":{"line":54,"column":16}},{"start":{"line":55,"column":8},"end":{"line":57,"column":16}},{"start":{"line":58,"column":8},"end":{"line":60,"column":16}},{"start":{"line":61,"column":8},"end":{"line":63,"column":16}},{"start":{"line":64,"column":8},"end":{"line":65,"column":59}}]},"4":{"loc":{"start":{"line":164,"column":20},"end":{"line":164,"column":105}},"type":"cond-expr","locations":[{"start":{"line":164,"column":35},"end":{"line":164,"column":68}},{"start":{"line":164,"column":71},"end":{"line":164,"column":105}}]},"5":{"loc":{"start":{"line":165,"column":22},"end":{"line":167,"column":133}},"type":"cond-expr","locations":[{"start":{"line":166,"column":10},"end":{"line":166,"column":135}},{"start":{"line":167,"column":10},"end":{"line":167,"column":133}}]},"6":{"loc":{"start":{"line":166,"column":94},"end":{"line":166,"column":132}},"type":"cond-expr","locations":[{"start":{"line":166,"column":122},"end":{"line":166,"column":127}},{"start":{"line":166,"column":130},"end":{"line":166,"column":132}}]},"7":{"loc":{"start":{"line":167,"column":92},"end":{"line":167,"column":130}},"type":"cond-expr","locations":[{"start":{"line":167,"column":120},"end":{"line":167,"column":125}},{"start":{"line":167,"column":128},"end":{"line":167,"column":130}}]},"8":{"loc":{"start":{"line":173,"column":14},"end":{"line":173,"column":90}},"type":"cond-expr","locations":[{"start":{"line":173,"column":29},"end":{"line":173,"column":59}},{"start":{"line":173,"column":62},"end":{"line":173,"column":90}}]}},"s":{"0":1,"1":1,"2":1,"3":1,"4":1,"5":8,"6":8,"7":8,"8":8,"9":0,"10":8,"11":0,"12":0,"13":0,"14":0,"15":0,"16":0,"17":0,"18":1,"19":1,"20":1,"21":5,"22":5,"23":4,"24":4,"25":4,"26":1,"27":1,"28":0,"29":0,"30":1,"31":1,"32":1,"33":1,"34":1,"35":1,"36":1,"37":1,"38":1,"39":0,"40":0,"41":0,"42":0,"43":0,"44":1,"45":1,"46":1,"47":1,"48":1,"49":0,"50":1,"51":1,"52":1,"53":1,"54":1,"55":0,"56":1,"57":1},"f":{"0":8,"1":0,"2":0,"3":0,"4":0,"5":1,"6":5,"7":1,"8":0,"9":1,"10":1},"b":{"0":[8,8],"1":[1],"2":[1,1],"3":[1,0,1,1,1],"4":[0,1],"5":[0,1],"6":[0,0],"7":[0,1],"8":[0,1]}}
,"C:\\Users\\julio\\StudioProjects\\chat-media-and-notifications-with-sockets\\notifications-service\\src\\services\\notification.service.ts": {"path":"C:\\Users\\julio\\StudioProjects\\chat-media-and-notifications-with-sockets\\notifications-service\\src\\services\\notification.service.ts","statementMap":{"0":{"start":{"line":1,"column":0},"end":{"line":1,"column":92}},"1":{"start":{"line":2,"column":0},"end":{"line":2,"column":51}},"2":{"start":{"line":3,"column":0},"end":{"line":3,"column":63}},"3":{"start":{"line":4,"column":0},"end":{"line":4,"column":124}},"4":{"start":{"line":8,"column":0},"end":{"line":8,"column":53}},"5":{"start":{"line":11,"column":32},"end":{"line":284,"column":null}},"6":{"start":{"line":16,"column":12},"end":{"line":16,"column":36}},"7":{"start":{"line":17,"column":12},"end":{"line":17,"column":25}},"8":{"start":{"line":12,"column":19},"end":{"line":12,"column":65}},"9":{"start":{"line":22,"column":4},"end":{"line":47,"column":5}},"10":{"start":{"line":23,"column":22},"end":{"line":23,"column":89}},"11":{"start":{"line":24,"column":6},"end":{"line":26,"column":7}},"12":{"start":{"line":25,"column":8},"end":{"line":25,"column":93}},"13":{"start":{"line":28,"column":27},"end":{"line":33,"column":8}},"14":{"start":{"line":35,"column":32},"end":{"line":35,"column":84}},"15":{"start":{"line":37,"column":6},"end":{"line":37,"column":89}},"16":{"start":{"line":39,"column":6},"end":{"line":42,"column":9}},"17":{"start":{"line":44,"column":6},"end":{"line":44,"column":31}},"18":{"start":{"line":46,"column":6},"end":{"line":46,"column":85}},"19":{"start":{"line":52,"column":81},"end":{"line":52,"column":88}},"20":{"start":{"line":54,"column":33},"end":{"line":54,"column":43}},"21":{"start":{"line":56,"column":4},"end":{"line":58,"column":5}},"22":{"start":{"line":57,"column":6},"end":{"line":57,"column":34}},"23":{"start":{"line":60,"column":4},"end":{"line":62,"column":5}},"24":{"start":{"line":61,"column":6},"end":{"line":61,"column":42}},"25":{"start":{"line":64,"column":4},"end":{"line":66,"column":5}},"26":{"start":{"line":65,"column":6},"end":{"line":65,"column":38}},"27":{"start":{"line":68,"column":4},"end":{"line":70,"column":5}},"28":{"start":{"line":69,"column":6},"end":{"line":69,"column":82}},"29":{"start":{"line":72,"column":51},"end":{"line":77,"column":6}},"30":{"start":{"line":79,"column":35},"end":{"line":79,"column":90}},"31":{"start":{"line":80,"column":23},"end":{"line":80,"column":47}},"32":{"start":{"line":82,"column":4},"end":{"line":84,"column":5}},"33":{"start":{"line":83,"column":6},"end":{"line":83,"column":77}},"34":{"start":{"line":86,"column":4},"end":{"line":86,"column":48}},"35":{"start":{"line":91,"column":19},"end":{"line":91,"column":72}},"36":{"start":{"line":92,"column":4},"end":{"line":94,"column":5}},"37":{"start":{"line":93,"column":6},"end":{"line":93,"column":20}},"38":{"start":{"line":96,"column":26},"end":{"line":100,"column":6}},"39":{"start":{"line":102,"column":4},"end":{"line":102,"column":75}},"40":{"start":{"line":104,"column":4},"end":{"line":104,"column":25}},"41":{"start":{"line":109,"column":25},"end":{"line":111,"column":6}},"42":{"start":{"line":113,"column":4},"end":{"line":115,"column":5}},"43":{"start":{"line":114,"column":6},"end":{"line":114,"column":77}},"44":{"start":{"line":117,"column":4},"end":{"line":117,"column":24}},"45":{"start":{"line":122,"column":25},"end":{"line":122,"column":55}},"46":{"start":{"line":124,"column":4},"end":{"line":127,"column":5}},"47":{"start":{"line":125,"column":6},"end":{"line":125,"column":57}},"48":{"start":{"line":126,"column":6},"end":{"line":126,"column":77}},"49":{"start":{"line":129,"column":32},"end":{"line":129,"column":84}},"50":{"start":{"line":131,"column":4},"end":{"line":133,"column":5}},"51":{"start":{"line":132,"column":6},"end":{"line":132,"column":67}},"52":{"start":{"line":135,"column":4},"end":{"line":135,"column":31}},"53":{"start":{"line":140,"column":16},"end":{"line":148,"column":33}},"54":{"start":{"line":150,"column":4},"end":{"line":152,"column":5}},"55":{"start":{"line":151,"column":6},"end":{"line":151,"column":88}},"56":{"start":{"line":154,"column":19},"end":{"line":154,"column":40}},"57":{"start":{"line":156,"column":4},"end":{"line":156,"column":65}},"58":{"start":{"line":158,"column":4},"end":{"line":158,"column":44}},"59":{"start":{"line":163,"column":19},"end":{"line":165,"column":null}},"60":{"start":{"line":168,"column":4},"end":{"line":168,"column":65}},"61":{"start":{"line":170,"column":4},"end":{"line":170,"column":44}},"62":{"start":{"line":175,"column":25},"end":{"line":175,"column":55}},"63":{"start":{"line":176,"column":4},"end":{"line":176,"column":59}},"64":{"start":{"line":178,"column":4},"end":{"line":178,"column":65}},"65":{"start":{"line":183,"column":4},"end":{"line":185,"column":7}},"66":{"start":{"line":190,"column":19},"end":{"line":196,"column":16}},"67":{"start":{"line":198,"column":4},"end":{"line":198,"column":45}},"68":{"start":{"line":203,"column":4},"end":{"line":210,"column":7}},"69":{"start":{"line":215,"column":4},"end":{"line":224,"column":7}},"70":{"start":{"line":229,"column":4},"end":{"line":240,"column":7}},"71":{"start":{"line":245,"column":4},"end":{"line":282,"column":5}},"72":{"start":{"line":246,"column":22},"end":{"line":246,"column":23}},"73":{"start":{"line":248,"column":28},"end":{"line":251,"column":21}},"74":{"start":{"line":253,"column":28},"end":{"line":272,"column":10}},"75":{"start":{"line":254,"column":24},"end":{"line":254,"column":70}},"76":{"start":{"line":256,"column":10},"end":{"line":271,"column":11}},"77":{"start":{"line":257,"column":12},"end":{"line":267,"column":15}},"78":{"start":{"line":268,"column":12},"end":{"line":268,"column":24}},"79":{"start":{"line":270,"column":12},"end":{"line":270,"column":111}},"80":{"start":{"line":274,"column":6},"end":{"line":274,"column":46}},"81":{"start":{"line":276,"column":6},"end":{"line":276,"column":75}},"82":{"start":{"line":277,"column":6},"end":{"line":277,"column":33}},"83":{"start":{"line":280,"column":6},"end":{"line":280,"column":74}},"84":{"start":{"line":281,"column":6},"end":{"line":281,"column":95}},"85":{"start":{"line":11,"column":13},"end":{"line":11,"column":32}},"86":{"start":{"line":11,"column":13},"end":{"line":284,"column":null}}},"fnMap":{"0":{"name":"(anonymous_4)","decl":{"start":{"line":14,"column":2},"end":{"line":14,"column":null}},"loc":{"start":{"line":17,"column":36},"end":{"line":18,"column":6}}},"1":{"name":"(anonymous_5)","decl":{"start":{"line":21,"column":2},"end":{"line":21,"column":7}},"loc":{"start":{"line":21,"column":59},"end":{"line":48,"column":3}}},"2":{"name":"(anonymous_6)","decl":{"start":{"line":51,"column":2},"end":{"line":51,"column":7}},"loc":{"start":{"line":51,"column":63},"end":{"line":87,"column":3}}},"3":{"name":"(anonymous_7)","decl":{"start":{"line":90,"column":2},"end":{"line":90,"column":7}},"loc":{"start":{"line":90,"column":33},"end":{"line":105,"column":3}}},"4":{"name":"(anonymous_8)","decl":{"start":{"line":108,"column":2},"end":{"line":108,"column":7}},"loc":{"start":{"line":108,"column":42},"end":{"line":118,"column":3}}},"5":{"name":"(anonymous_9)","decl":{"start":{"line":121,"column":2},"end":{"line":121,"column":7}},"loc":{"start":{"line":121,"column":87},"end":{"line":136,"column":3}}},"6":{"name":"(anonymous_10)","decl":{"start":{"line":139,"column":2},"end":{"line":139,"column":7}},"loc":{"start":{"line":139,"column":63},"end":{"line":159,"column":3}}},"7":{"name":"(anonymous_11)","decl":{"start":{"line":162,"column":2},"end":{"line":162,"column":7}},"loc":{"start":{"line":162,"column":36},"end":{"line":171,"column":3}}},"8":{"name":"(anonymous_12)","decl":{"start":{"line":174,"column":2},"end":{"line":174,"column":7}},"loc":{"start":{"line":174,"column":41},"end":{"line":179,"column":3}}},"9":{"name":"(anonymous_13)","decl":{"start":{"line":182,"column":2},"end":{"line":182,"column":7}},"loc":{"start":{"line":182,"column":37},"end":{"line":186,"column":3}}},"10":{"name":"(anonymous_14)","decl":{"start":{"line":189,"column":2},"end":{"line":189,"column":7}},"loc":{"start":{"line":189,"column":35},"end":{"line":199,"column":3}}},"11":{"name":"(anonymous_15)","decl":{"start":{"line":202,"column":2},"end":{"line":202,"column":7}},"loc":{"start":{"line":202,"column":48},"end":{"line":211,"column":3}}},"12":{"name":"(anonymous_16)","decl":{"start":{"line":214,"column":2},"end":{"line":214,"column":7}},"loc":{"start":{"line":214,"column":66},"end":{"line":225,"column":3}}},"13":{"name":"(anonymous_17)","decl":{"start":{"line":228,"column":2},"end":{"line":228,"column":7}},"loc":{"start":{"line":228,"column":82},"end":{"line":241,"column":3}}},"14":{"name":"(anonymous_18)","decl":{"start":{"line":244,"column":2},"end":{"line":244,"column":7}},"loc":{"start":{"line":244,"column":57},"end":{"line":283,"column":3}}},"15":{"name":"(anonymous_19)","decl":{"start":{"line":254,"column":16},"end":{"line":254,"column":20}},"loc":{"start":{"line":254,"column":24},"end":{"line":254,"column":70}}},"16":{"name":"(anonymous_20)","decl":{"start":{"line":255,"column":13},"end":{"line":255,"column":18}},"loc":{"start":{"line":255,"column":28},"end":{"line":272,"column":9}}}},"branchMap":{"0":{"loc":{"start":{"line":24,"column":6},"end":{"line":26,"column":7}},"type":"if","locations":[{"start":{"line":24,"column":6},"end":{"line":26,"column":7}}]},"1":{"loc":{"start":{"line":30,"column":18},"end":{"line":30,"column":79}},"type":"binary-expr","locations":[{"start":{"line":30,"column":18},"end":{"line":30,"column":48}},{"start":{"line":30,"column":52},"end":{"line":30,"column":79}}]},"2":{"loc":{"start":{"line":31,"column":18},"end":{"line":31,"column":111}},"type":"binary-expr","locations":[{"start":{"line":31,"column":18},"end":{"line":31,"column":48}},{"start":{"line":31,"column":52},"end":{"line":31,"column":111}}]},"3":{"loc":{"start":{"line":52,"column":12},"end":{"line":52,"column":20}},"type":"default-arg","locations":[{"start":{"line":52,"column":19},"end":{"line":52,"column":20}}]},"4":{"loc":{"start":{"line":52,"column":22},"end":{"line":52,"column":32}},"type":"default-arg","locations":[{"start":{"line":52,"column":30},"end":{"line":52,"column":32}}]},"5":{"loc":{"start":{"line":56,"column":4},"end":{"line":58,"column":5}},"type":"if","locations":[{"start":{"line":56,"column":4},"end":{"line":58,"column":5}}]},"6":{"loc":{"start":{"line":60,"column":4},"end":{"line":62,"column":5}},"type":"if","locations":[{"start":{"line":60,"column":4},"end":{"line":62,"column":5}}]},"7":{"loc":{"start":{"line":64,"column":4},"end":{"line":66,"column":5}},"type":"if","locations":[{"start":{"line":64,"column":4},"end":{"line":66,"column":5}}]},"8":{"loc":{"start":{"line":68,"column":4},"end":{"line":70,"column":5}},"type":"if","locations":[{"start":{"line":68,"column":4},"end":{"line":70,"column":5}}]},"9":{"loc":{"start":{"line":68,"column":8},"end":{"line":68,"column":28}},"type":"binary-expr","locations":[{"start":{"line":68,"column":8},"end":{"line":68,"column":17}},{"start":{"line":68,"column":21},"end":{"line":68,"column":28}}]},"10":{"loc":{"start":{"line":82,"column":4},"end":{"line":84,"column":5}},"type":"if","locations":[{"start":{"line":82,"column":4},"end":{"line":84,"column":5}}]},"11":{"loc":{"start":{"line":92,"column":4},"end":{"line":94,"column":5}},"type":"if","locations":[{"start":{"line":92,"column":4},"end":{"line":94,"column":5}}]},"12":{"loc":{"start":{"line":113,"column":4},"end":{"line":115,"column":5}},"type":"if","locations":[{"start":{"line":113,"column":4},"end":{"line":115,"column":5}}]},"13":{"loc":{"start":{"line":124,"column":4},"end":{"line":127,"column":5}},"type":"if","locations":[{"start":{"line":124,"column":4},"end":{"line":127,"column":5}}]},"14":{"loc":{"start":{"line":126,"column":28},"end":{"line":126,"column":76}},"type":"cond-expr","locations":[{"start":{"line":126,"column":59},"end":{"line":126,"column":69}},{"start":{"line":126,"column":72},"end":{"line":126,"column":76}}]},"15":{"loc":{"start":{"line":131,"column":4},"end":{"line":133,"column":5}},"type":"if","locations":[{"start":{"line":131,"column":4},"end":{"line":133,"column":5}}]},"16":{"loc":{"start":{"line":150,"column":4},"end":{"line":152,"column":5}},"type":"if","locations":[{"start":{"line":150,"column":4},"end":{"line":152,"column":5}}]},"17":{"loc":{"start":{"line":150,"column":8},"end":{"line":150,"column":81}},"type":"binary-expr","locations":[{"start":{"line":150,"column":8},"end":{"line":150,"column":37}},{"start":{"line":150,"column":41},"end":{"line":150,"column":81}}]},"18":{"loc":{"start":{"line":158,"column":21},"end":{"line":158,"column":41}},"type":"binary-expr","locations":[{"start":{"line":158,"column":21},"end":{"line":158,"column":36}},{"start":{"line":158,"column":40},"end":{"line":158,"column":41}}]},"19":{"loc":{"start":{"line":170,"column":21},"end":{"line":170,"column":41}},"type":"binary-expr","locations":[{"start":{"line":170,"column":21},"end":{"line":170,"column":36}},{"start":{"line":170,"column":40},"end":{"line":170,"column":41}}]},"20":{"loc":{"start":{"line":198,"column":22},"end":{"line":198,"column":42}},"type":"binary-expr","locations":[{"start":{"line":198,"column":22},"end":{"line":198,"column":37}},{"start":{"line":198,"column":41},"end":{"line":198,"column":42}}]},"21":{"loc":{"start":{"line":231,"column":12},"end":{"line":231,"column":88}},"type":"cond-expr","locations":[{"start":{"line":231,"column":22},"end":{"line":231,"column":55}},{"start":{"line":231,"column":58},"end":{"line":231,"column":88}}]},"22":{"loc":{"start":{"line":232,"column":13},"end":{"line":232,"column":62}},"type":"cond-expr","locations":[{"start":{"line":232,"column":23},"end":{"line":232,"column":42}},{"start":{"line":232,"column":45},"end":{"line":232,"column":62}}]},"23":{"loc":{"start":{"line":233,"column":15},"end":{"line":235,"column":59}},"type":"cond-expr","locations":[{"start":{"line":234,"column":10},"end":{"line":234,"column":74}},{"start":{"line":235,"column":10},"end":{"line":235,"column":59}}]},"24":{"loc":{"start":{"line":237,"column":16},"end":{"line":237,"column":81}},"type":"cond-expr","locations":[{"start":{"line":237,"column":26},"end":{"line":237,"column":53}},{"start":{"line":237,"column":56},"end":{"line":237,"column":81}}]}},"s":{"0":4,"1":4,"2":4,"3":4,"4":4,"5":4,"6":23,"7":23,"8":23,"9":7,"10":7,"11":7,"12":1,"13":6,"14":6,"15":5,"16":5,"17":5,"18":2,"19":2,"20":2,"21":2,"22":1,"23":2,"24":0,"25":2,"26":2,"27":2,"28":0,"29":2,"30":2,"31":2,"32":2,"33":2,"34":2,"35":2,"36":2,"37":1,"38":1,"39":1,"40":1,"41":6,"42":6,"43":3,"44":3,"45":2,"46":1,"47":1,"48":1,"49":1,"50":1,"51":1,"52":1,"53":2,"54":2,"55":1,"56":2,"57":2,"58":2,"59":1,"60":1,"61":1,"62":2,"63":1,"64":1,"65":1,"66":1,"67":1,"68":1,"69":1,"70":2,"71":0,"72":0,"73":0,"74":0,"75":0,"76":0,"77":0,"78":0,"79":0,"80":0,"81":0,"82":0,"83":0,"84":0,"85":4,"86":4},"f":{"0":23,"1":7,"2":2,"3":2,"4":6,"5":2,"6":2,"7":1,"8":2,"9":1,"10":1,"11":1,"12":1,"13":2,"14":0,"15":0,"16":0},"b":{"0":[1],"1":[6,2],"2":[6,5],"3":[0],"4":[0],"5":[1],"6":[0],"7":[2],"8":[0],"9":[2,0],"10":[2],"11":[1],"12":[3],"13":[1],"14":[1,0],"15":[1],"16":[1],"17":[2,1],"18":[2,0],"19":[1,0],"20":[1,0],"21":[1,1],"22":[1,1],"23":[1,1],"24":[1,1]}}
}
