TN:
SF:src\app.module.ts
FN:38,(anonymous_1)
FN:59,(anonymous_2)
FNF:2
FNH:0
FNDA:0,(anonymous_1)
FNDA:0,(anonymous_2)
DA:1,0
DA:2,0
DA:3,0
DA:4,0
DA:5,0
DA:8,0
DA:11,0
DA:12,0
DA:15,0
DA:16,0
DA:19,0
DA:22,0
DA:25,0
DA:38,0
DA:59,0
DA:87,0
LF:16
LH:0
BRF:0
BRH:0
end_of_record
TN:
SF:src\main.ts
FN:6,bootstrap
FNF:1
FNH:0
FNDA:0,bootstrap
DA:1,0
DA:2,0
DA:3,0
DA:4,0
DA:7,0
DA:9,0
DA:16,0
DA:25,0
DA:88,0
DA:89,0
DA:91,0
DA:92,0
DA:93,0
DA:94,0
DA:95,0
DA:98,0
LF:16
LH:0
BRDA:91,0,0,0
BRDA:91,0,1,0
BRF:2
BRH:0
end_of_record
TN:
SF:src\auth\jwt-auth.guard.ts
FN:8,(anonymous_2)
FN:13,(anonymous_3)
FN:34,(anonymous_4)
FNF:3
FNH:0
FNDA:0,(anonymous_2)
FNDA:0,(anonymous_3)
FNDA:0,(anonymous_4)
DA:1,1
DA:2,1
DA:4,1
DA:7,1
DA:9,0
DA:10,0
DA:14,0
DA:15,0
DA:17,0
DA:18,0
DA:21,0
DA:22,0
DA:26,0
DA:28,0
DA:30,0
DA:35,0
DA:36,0
LF:17
LH:4
BRDA:17,0,0,0
BRDA:35,1,0,0
BRDA:35,1,1,0
BRDA:36,2,0,0
BRDA:36,2,1,0
BRF:5
BRH:0
end_of_record
TN:
SF:src\config\redis.config.ts
FN:14,(anonymous_2)
FN:18,(anonymous_3)
FN:34,(anonymous_4)
FN:38,(anonymous_5)
FN:42,(anonymous_6)
FN:47,(anonymous_7)
FN:55,(anonymous_8)
FN:63,(anonymous_9)
FN:69,(anonymous_10)
FN:74,(anonymous_11)
FN:79,(anonymous_12)
FN:86,(anonymous_13)
FN:92,(anonymous_14)
FN:98,(anonymous_15)
FNF:14
FNH:0
FNDA:0,(anonymous_2)
FNDA:0,(anonymous_3)
FNDA:0,(anonymous_4)
FNDA:0,(anonymous_5)
FNDA:0,(anonymous_6)
FNDA:0,(anonymous_7)
FNDA:0,(anonymous_8)
FNDA:0,(anonymous_9)
FNDA:0,(anonymous_10)
FNDA:0,(anonymous_11)
FNDA:0,(anonymous_12)
FNDA:0,(anonymous_13)
FNDA:0,(anonymous_14)
FNDA:0,(anonymous_15)
DA:1,4
DA:2,4
DA:3,4
DA:7,4
DA:8,0
DA:14,0
DA:15,0
DA:19,0
DA:21,0
DA:22,0
DA:23,0
DA:25,0
DA:31,0
DA:35,0
DA:39,0
DA:43,0
DA:48,0
DA:49,0
DA:51,0
DA:56,0
DA:57,0
DA:59,0
DA:64,0
DA:65,0
DA:70,0
DA:75,0
DA:80,0
DA:81,0
DA:82,0
DA:87,0
DA:88,0
DA:93,0
DA:94,0
DA:99,0
DA:100,0
DA:102,0
DA:103,0
DA:106,0
LF:38
LH:4
BRDA:19,0,0,0
BRDA:19,0,1,0
BRDA:59,1,0,0
BRDA:59,1,1,0
BRDA:102,2,0,0
BRF:5
BRH:0
end_of_record
TN:
SF:src\controllers\health.controller.ts
FN:22,(anonymous_2)
FNF:1
FNH:0
FNDA:0,(anonymous_2)
DA:1,0
DA:2,0
DA:6,0
DA:22,0
DA:23,0
LF:5
LH:0
BRF:0
BRH:0
end_of_record
TN:
SF:src\controllers\notification.controller.ts
FN:33,(anonymous_4)
FN:48,(anonymous_5)
FN:61,(anonymous_6)
FN:75,(anonymous_7)
FN:95,(anonymous_8)
FN:115,(anonymous_9)
FN:134,(anonymous_10)
FN:153,(anonymous_11)
FN:173,(anonymous_12)
FN:193,(anonymous_13)
FN:212,(anonymous_14)
FN:233,(anonymous_15)
FNF:12
FNH:12
FNDA:14,(anonymous_4)
FNDA:2,(anonymous_5)
FNDA:2,(anonymous_6)
FNDA:1,(anonymous_7)
FNDA:1,(anonymous_8)
FNDA:1,(anonymous_9)
FNDA:1,(anonymous_10)
FNDA:1,(anonymous_11)
FNDA:1,(anonymous_12)
FNDA:1,(anonymous_13)
FNDA:1,(anonymous_14)
FNDA:1,(anonymous_15)
DA:1,1
DA:14,1
DA:22,1
DA:23,1
DA:24,1
DA:25,1
DA:26,1
DA:32,1
DA:33,14
DA:48,1
DA:49,2
DA:61,1
DA:62,2
DA:63,2
DA:75,1
DA:76,1
DA:77,1
DA:95,1
DA:96,1
DA:97,1
DA:98,1
DA:115,1
DA:116,1
DA:117,1
DA:134,1
DA:139,1
DA:140,1
DA:153,1
DA:154,1
DA:155,1
DA:173,1
DA:174,1
DA:175,1
DA:193,1
DA:194,1
DA:195,1
DA:212,1
DA:213,1
DA:214,1
DA:215,1
DA:233,1
DA:234,1
LF:42
LH:42
BRDA:62,0,0,2
BRDA:62,0,1,0
BRDA:76,1,0,1
BRDA:76,1,1,0
BRDA:96,2,0,1
BRDA:96,2,1,0
BRDA:116,3,0,1
BRDA:116,3,1,0
BRDA:139,4,0,1
BRDA:139,4,1,0
BRDA:154,5,0,1
BRDA:154,5,1,0
BRDA:174,6,0,1
BRDA:174,6,1,0
BRDA:194,7,0,1
BRDA:194,7,1,0
BRDA:213,8,0,1
BRDA:213,8,1,0
BRF:18
BRH:9
end_of_record
TN:
SF:src\dto\create-notification.dto.ts
FNF:0
FNH:0
DA:1,1
DA:2,1
DA:3,1
DA:5,1
DA:8,1
DA:16,1
DA:20,1
DA:24,1
DA:29,1
DA:38,1
DA:49,1
DA:54,1
DA:59,1
DA:64,1
LF:14
LH:14
BRF:0
BRH:0
end_of_record
TN:
SF:src\dto\notification-filters.dto.ts
FN:6,(anonymous_2)
FN:26,(anonymous_3)
FN:33,(anonymous_4)
FN:41,(anonymous_5)
FNF:4
FNH:0
FNDA:0,(anonymous_2)
FNDA:0,(anonymous_3)
FNDA:0,(anonymous_4)
FNDA:0,(anonymous_5)
DA:1,2
DA:2,2
DA:3,2
DA:4,2
DA:6,2
DA:13,2
DA:21,2
DA:26,0
DA:27,2
DA:33,0
DA:34,2
DA:41,0
DA:42,2
DA:47,2
DA:52,2
LF:15
LH:12
BRF:0
BRH:0
end_of_record
TN:
SF:src\dto\update-notification.dto.ts
FNF:0
FNH:0
DA:1,1
DA:2,1
DA:4,1
DA:8,1
DA:13,1
DA:16,1
DA:19,1
LF:7
LH:7
BRF:0
BRH:0
end_of_record
TN:
SF:src\entities\notification.entity.ts
FN:3,(anonymous_2)
FN:34,(anonymous_3)
FN:41,(anonymous_4)
FNF:3
FNH:3
FNDA:4,(anonymous_2)
FNDA:4,(anonymous_3)
FNDA:4,(anonymous_4)
DA:1,4
DA:3,4
DA:4,4
DA:5,4
DA:6,4
DA:7,4
DA:8,4
DA:10,4
DA:11,4
DA:12,4
DA:13,4
DA:14,4
DA:15,4
DA:16,4
DA:18,4
DA:19,4
DA:20,4
DA:21,4
DA:22,4
DA:24,4
DA:25,4
DA:26,4
DA:28,4
DA:29,4
DA:30,4
DA:31,4
DA:34,4
DA:35,4
DA:36,4
DA:37,4
DA:38,4
DA:41,4
DA:42,4
DA:43,4
DA:44,4
DA:45,4
DA:52,4
DA:54,4
DA:58,4
DA:64,4
DA:67,4
DA:70,4
DA:73,4
DA:80,4
DA:88,4
DA:92,4
DA:95,4
DA:98,4
DA:101,4
DA:104,4
DA:107,4
DA:110,4
DA:113,4
LF:53
LH:53
BRDA:3,0,0,4
BRDA:3,0,1,4
BRDA:34,1,0,4
BRDA:34,1,1,4
BRDA:41,2,0,4
BRDA:41,2,1,4
BRF:6
BRH:6
end_of_record
TN:
SF:src\gateways\notification.gateway.ts
FN:39,(anonymous_4)
FN:49,(anonymous_5)
FN:93,(anonymous_6)
FN:104,(anonymous_7)
FN:117,(anonymous_8)
FN:136,(anonymous_9)
FN:159,(anonymous_10)
FN:169,(anonymous_11)
FN:176,(anonymous_12)
FN:180,(anonymous_13)
FN:195,(anonymous_14)
FN:212,(anonymous_15)
FN:215,(anonymous_16)
FN:221,(anonymous_17)
FN:223,(anonymous_18)
FNF:15
FNH:12
FNDA:21,(anonymous_4)
FNDA:4,(anonymous_5)
FNDA:2,(anonymous_6)
FNDA:2,(anonymous_7)
FNDA:3,(anonymous_8)
FNDA:3,(anonymous_9)
FNDA:1,(anonymous_10)
FNDA:1,(anonymous_11)
FNDA:1,(anonymous_12)
FNDA:2,(anonymous_13)
FNDA:7,(anonymous_14)
FNDA:21,(anonymous_15)
FNDA:0,(anonymous_16)
FNDA:0,(anonymous_17)
FNDA:0,(anonymous_18)
DA:1,1
DA:10,1
DA:11,1
DA:12,1
DA:13,1
DA:14,1
DA:15,1
DA:16,1
DA:33,1
DA:35,1
DA:37,21
DA:40,21
DA:41,21
DA:42,21
DA:43,21
DA:45,21
DA:50,4
DA:51,4
DA:54,4
DA:55,4
DA:56,1
DA:58,1
DA:60,3
DA:62,3
DA:65,1
DA:67,2
DA:68,2
DA:69,2
DA:70,2
DA:75,2
DA:78,2
DA:80,2
DA:83,2
DA:86,0
DA:87,0
DA:88,0
DA:94,2
DA:95,1
DA:96,1
DA:98,1
DA:104,1
DA:105,2
DA:106,1
DA:107,1
DA:110,1
DA:111,1
DA:117,1
DA:121,3
DA:122,1
DA:123,1
DA:126,2
DA:127,2
DA:128,1
DA:130,1
DA:136,1
DA:140,3
DA:141,1
DA:142,1
DA:145,2
DA:146,2
DA:147,1
DA:150,1
DA:151,1
DA:154,1
DA:160,1
DA:161,1
DA:164,1
DA:165,1
DA:170,1
DA:171,2
DA:177,1
DA:181,2
DA:183,1
DA:184,1
DA:185,1
DA:187,1
DA:188,1
DA:191,0
DA:197,7
DA:198,7
DA:199,4
DA:203,3
DA:204,3
DA:205,1
DA:206,1
DA:209,2
DA:213,21
DA:215,21
DA:216,0
DA:217,0
DA:218,0
DA:221,0
DA:222,0
DA:224,0
DA:227,0
DA:231,21
DA:233,0
LF:97
LH:85
BRDA:55,0,0,1
BRDA:55,0,1,3
BRDA:65,1,0,1
BRDA:65,1,1,0
BRDA:94,2,0,1
BRDA:94,2,1,1
BRDA:105,3,0,1
BRDA:121,4,0,1
BRDA:140,5,0,1
BRDA:181,6,0,1
BRDA:198,7,0,4
BRDA:204,8,0,1
BRDA:206,9,0,1
BRDA:206,9,1,0
BRF:14
BRH:12
end_of_record
TN:
SF:src\services\event-listener.service.ts
FN:11,(anonymous_2)
FN:16,(anonymous_3)
FN:20,(anonymous_4)
FN:25,(anonymous_5)
FN:28,(anonymous_6)
FN:37,(anonymous_7)
FN:44,(anonymous_8)
FN:72,(anonymous_9)
FN:91,(anonymous_10)
FN:111,(anonymous_11)
FN:158,(anonymous_12)
FNF:11
FNH:6
FNDA:8,(anonymous_2)
FNDA:0,(anonymous_3)
FNDA:0,(anonymous_4)
FNDA:0,(anonymous_5)
FNDA:0,(anonymous_6)
FNDA:1,(anonymous_7)
FNDA:5,(anonymous_8)
FNDA:1,(anonymous_9)
FNDA:0,(anonymous_10)
FNDA:1,(anonymous_11)
FNDA:1,(anonymous_12)
DA:1,1
DA:2,1
DA:3,1
DA:4,1
DA:7,1
DA:8,8
DA:11,8
DA:12,8
DA:16,8
DA:17,0
DA:20,8
DA:21,0
DA:26,0
DA:27,0
DA:28,0
DA:29,0
DA:31,0
DA:33,0
DA:38,1
DA:39,1
DA:40,1
DA:45,5
DA:46,5
DA:47,4
DA:49,4
DA:51,4
DA:53,1
DA:54,1
DA:56,0
DA:57,0
DA:59,1
DA:60,1
DA:62,1
DA:63,1
DA:65,1
DA:68,1
DA:73,1
DA:74,1
DA:85,1
DA:87,0
DA:92,0
DA:93,0
DA:105,0
DA:107,0
DA:112,1
DA:114,1
DA:131,1
DA:134,1
DA:151,1
DA:154,0
DA:159,1
DA:164,1
DA:165,1
DA:171,1
DA:191,1
DA:193,0
LF:56
LH:39
BRDA:13,0,0,8
BRDA:13,0,1,8
BRDA:38,1,0,1
BRDA:38,2,0,1
BRDA:38,2,1,1
BRDA:51,3,0,1
BRDA:51,3,1,0
BRDA:51,3,2,1
BRDA:51,3,3,1
BRDA:51,3,4,1
BRDA:164,4,0,0
BRDA:164,4,1,1
BRDA:165,5,0,0
BRDA:165,5,1,1
BRDA:166,6,0,0
BRDA:166,6,1,0
BRDA:167,7,0,0
BRDA:167,7,1,1
BRDA:173,8,0,0
BRDA:173,8,1,1
BRF:20
BRH:13
end_of_record
TN:
SF:src\services\notification.service.ts
FN:14,(anonymous_4)
FN:21,(anonymous_5)
FN:51,(anonymous_6)
FN:90,(anonymous_7)
FN:108,(anonymous_8)
FN:121,(anonymous_9)
FN:139,(anonymous_10)
FN:162,(anonymous_11)
FN:174,(anonymous_12)
FN:182,(anonymous_13)
FN:189,(anonymous_14)
FN:202,(anonymous_15)
FN:214,(anonymous_16)
FN:228,(anonymous_17)
FN:244,(anonymous_18)
FN:254,(anonymous_19)
FN:255,(anonymous_20)
FNF:17
FNH:14
FNDA:23,(anonymous_4)
FNDA:7,(anonymous_5)
FNDA:2,(anonymous_6)
FNDA:2,(anonymous_7)
FNDA:6,(anonymous_8)
FNDA:2,(anonymous_9)
FNDA:2,(anonymous_10)
FNDA:1,(anonymous_11)
FNDA:2,(anonymous_12)
FNDA:1,(anonymous_13)
FNDA:1,(anonymous_14)
FNDA:1,(anonymous_15)
FNDA:1,(anonymous_16)
FNDA:2,(anonymous_17)
FNDA:0,(anonymous_18)
FNDA:0,(anonymous_19)
FNDA:0,(anonymous_20)
DA:1,4
DA:2,4
DA:3,4
DA:4,4
DA:8,4
DA:11,4
DA:12,23
DA:16,23
DA:17,23
DA:22,7
DA:23,7
DA:24,7
DA:25,1
DA:28,6
DA:35,6
DA:37,5
DA:39,5
DA:44,5
DA:46,2
DA:52,2
DA:54,2
DA:56,2
DA:57,1
DA:60,2
DA:61,0
DA:64,2
DA:65,2
DA:68,2
DA:69,0
DA:72,2
DA:79,2
DA:80,2
DA:82,2
DA:83,2
DA:86,2
DA:91,2
DA:92,2
DA:93,1
DA:96,1
DA:102,1
DA:104,1
DA:109,6
DA:113,6
DA:114,3
DA:117,3
DA:122,2
DA:124,1
DA:125,1
DA:126,1
DA:129,1
DA:131,1
DA:132,1
DA:135,1
DA:140,2
DA:150,2
DA:151,1
DA:154,2
DA:156,2
DA:158,2
DA:163,1
DA:168,1
DA:170,1
DA:175,2
DA:176,1
DA:178,1
DA:183,1
DA:190,1
DA:198,1
DA:203,1
DA:215,1
DA:229,2
DA:245,0
DA:246,0
DA:248,0
DA:253,0
DA:254,0
DA:256,0
DA:257,0
DA:268,0
DA:270,0
DA:274,0
DA:276,0
DA:277,0
DA:280,0
DA:281,0
LF:85
LH:69
BRDA:24,0,0,1
BRDA:30,1,0,6
BRDA:30,1,1,2
BRDA:31,2,0,6
BRDA:31,2,1,5
BRDA:52,3,0,0
BRDA:52,4,0,0
BRDA:56,5,0,1
BRDA:60,6,0,0
BRDA:64,7,0,2
BRDA:68,8,0,0
BRDA:68,9,0,2
BRDA:68,9,1,0
BRDA:82,10,0,2
BRDA:92,11,0,1
BRDA:113,12,0,3
BRDA:124,13,0,1
BRDA:126,14,0,1
BRDA:126,14,1,0
BRDA:131,15,0,1
BRDA:150,16,0,1
BRDA:150,17,0,2
BRDA:150,17,1,1
BRDA:158,18,0,2
BRDA:158,18,1,0
BRDA:170,19,0,1
BRDA:170,19,1,0
BRDA:198,20,0,1
BRDA:198,20,1,0
BRDA:231,21,0,1
BRDA:231,21,1,1
BRDA:232,22,0,1
BRDA:232,22,1,1
BRDA:233,23,0,1
BRDA:233,23,1,1
BRDA:237,24,0,1
BRDA:237,24,1,1
BRF:37
BRH:28
end_of_record
