TN:
SF:src/app.module.ts
FN:21,(anonymous_1)
FN:38,(anonymous_2)
FNF:2
FNH:0
FNDA:0,(anonymous_1)
FNDA:0,(anonymous_2)
DA:1,0
DA:2,0
DA:3,0
DA:4,0
DA:5,0
DA:7,0
DA:8,0
DA:9,0
DA:21,0
DA:38,0
DA:58,0
LF:11
LH:0
BRF:0
BRH:0
end_of_record
TN:
SF:src/auth/auth.controller.ts
FN:35,(anonymous_4)
FN:50,(anonymous_5)
FN:67,(anonymous_6)
FN:84,(anonymous_7)
FN:101,(anonymous_8)
FN:136,(anonymous_9)
FN:150,(anonymous_10)
FNF:7
FNH:6
FNDA:23,(anonymous_4)
FNDA:8,(anonymous_5)
FNDA:5,(anonymous_6)
FNDA:3,(anonymous_7)
FNDA:3,(anonymous_8)
FNDA:3,(anonymous_9)
FNDA:0,(anonymous_10)
DA:1,1
DA:13,1
DA:21,1
DA:22,1
DA:23,1
DA:24,1
DA:25,1
DA:26,1
DA:27,1
DA:29,1
DA:34,1
DA:35,23
DA:50,1
DA:51,8
DA:67,1
DA:68,5
DA:84,1
DA:85,3
DA:101,1
DA:102,3
DA:136,1
DA:137,3
DA:138,1
DA:150,1
DA:151,0
LF:25
LH:24
BRF:0
BRH:0
end_of_record
TN:
SF:src/auth/auth.module.ts
FNF:0
FNH:0
DA:1,0
DA:2,0
DA:4,0
DA:5,0
DA:6,0
DA:7,0
DA:21,0
LF:7
LH:0
BRF:0
BRH:0
end_of_record
TN:
SF:src/auth/auth.service.ts
FN:27,(anonymous_2)
FN:32,(anonymous_3)
FN:44,(anonymous_4)
FN:72,(anonymous_5)
FN:82,(anonymous_6)
FN:92,(anonymous_7)
FN:96,(anonymous_8)
FN:117,(anonymous_9)
FNF:8
FNH:8
FNDA:20,(anonymous_2)
FNDA:7,(anonymous_3)
FNDA:7,(anonymous_4)
FNDA:5,(anonymous_5)
FNDA:3,(anonymous_6)
FNDA:2,(anonymous_7)
FNDA:5,(anonymous_8)
FNDA:5,(anonymous_9)
DA:1,2
DA:2,2
DA:5,2
DA:26,2
DA:28,20
DA:29,20
DA:33,7
DA:34,7
DA:35,3
DA:37,4
DA:38,2
DA:40,2
DA:45,7
DA:48,7
DA:50,7
DA:51,2
DA:55,5
DA:56,2
DA:60,3
DA:62,3
DA:63,2
DA:67,1
DA:69,1
DA:73,5
DA:75,5
DA:76,4
DA:79,1
DA:83,3
DA:85,3
DA:86,2
DA:89,1
DA:93,2
DA:97,5
DA:103,5
DA:106,5
DA:107,5
DA:109,5
DA:118,5
DA:120,5
DA:121,4
DA:124,1
LF:41
LH:41
BRDA:37,0,0,2
BRDA:50,1,0,2
BRDA:55,2,0,2
BRDA:62,3,0,2
BRDA:75,4,0,4
BRDA:75,5,0,5
BRDA:75,5,1,3
BRDA:85,6,0,2
BRDA:120,7,0,4
BRDA:120,8,0,5
BRDA:120,8,1,3
BRF:11
BRH:11
end_of_record
TN:
SF:src/auth/decorators/current-user.decorator.ts
FN:5,(anonymous_0)
FNF:1
FNH:0
FNDA:0,(anonymous_0)
DA:1,0
DA:4,0
DA:6,0
DA:7,0
LF:4
LH:0
BRF:0
BRH:0
end_of_record
TN:
SF:src/auth/decorators/roles.decorator.ts
FN:5,(anonymous_0)
FNF:1
FNH:1
FNDA:1,(anonymous_0)
DA:1,1
DA:3,1
DA:5,1
LF:3
LH:3
BRF:0
BRH:0
end_of_record
TN:
SF:src/auth/dto/login.dto.ts
FNF:0
FNH:0
DA:1,1
DA:2,1
DA:4,1
DA:10,1
DA:18,1
LF:5
LH:5
BRF:0
BRH:0
end_of_record
TN:
SF:src/auth/dto/promote-user.dto.ts
FNF:0
FNH:0
DA:1,1
DA:2,1
DA:4,1
DA:10,1
LF:4
LH:4
BRF:0
BRH:0
end_of_record
TN:
SF:src/auth/dto/register.dto.ts
FNF:0
FNH:0
DA:1,2
DA:2,2
DA:4,2
DA:10,2
DA:20,2
DA:30,2
DA:40,2
LF:7
LH:7
BRF:0
BRH:0
end_of_record
TN:
SF:src/auth/guards/jwt-auth.guard.ts
FN:6,(anonymous_1)
FNF:1
FNH:1
FNDA:4,(anonymous_1)
DA:1,2
DA:2,2
DA:5,2
DA:7,4
DA:8,3
DA:10,1
LF:6
LH:6
BRDA:7,0,0,3
BRDA:7,1,0,4
BRDA:7,1,1,2
BRF:3
BRH:3
end_of_record
TN:
SF:src/auth/guards/roles.guard.ts
FN:9,(anonymous_2)
FN:11,(anonymous_3)
FN:28,(anonymous_4)
FNF:3
FNH:3
FNDA:35,(anonymous_2)
FNDA:14,(anonymous_3)
FNDA:11,(anonymous_4)
DA:1,2
DA:2,2
DA:5,2
DA:8,2
DA:9,35
DA:12,14
DA:18,14
DA:19,3
DA:22,11
DA:24,11
DA:25,3
DA:28,11
DA:30,8
DA:31,3
DA:34,5
LF:15
LH:15
BRDA:18,0,0,3
BRDA:18,1,0,14
BRDA:18,1,1,13
BRDA:24,2,0,3
BRDA:24,3,0,11
BRDA:24,3,1,9
BRDA:30,4,0,3
BRF:7
BRH:7
end_of_record
TN:
SF:src/auth/strategies/jwt.strategy.ts
FN:11,(anonymous_2)
FN:22,(anonymous_3)
FNF:2
FNH:0
FNDA:0,(anonymous_2)
FNDA:0,(anonymous_3)
DA:1,0
DA:2,0
DA:3,0
DA:4,0
DA:6,0
DA:10,0
DA:12,0
DA:15,0
DA:23,0
DA:24,0
DA:26,0
LF:11
LH:0
BRF:0
BRH:0
end_of_record
TN:
SF:src/users/users.module.ts
FNF:0
FNH:0
DA:1,0
DA:2,0
DA:4,0
DA:5,0
DA:12,0
LF:5
LH:0
BRF:0
BRH:0
end_of_record
TN:
SF:src/users/users.service.ts
FN:11,(anonymous_4)
FN:16,(anonymous_5)
FN:43,(anonymous_6)
FN:49,(anonymous_7)
FN:55,(anonymous_8)
FN:61,(anonymous_9)
FN:76,(anonymous_10)
FN:80,(anonymous_11)
FN:86,(anonymous_12)
FN:97,(anonymous_13)
FNF:10
FNH:8
FNDA:24,(anonymous_4)
FNDA:6,(anonymous_5)
FNDA:3,(anonymous_6)
FNDA:10,(anonymous_7)
FNDA:2,(anonymous_8)
FNDA:7,(anonymous_9)
FNDA:3,(anonymous_10)
FNDA:2,(anonymous_11)
FNDA:0,(anonymous_12)
FNDA:0,(anonymous_13)
DA:1,3
DA:2,3
DA:3,3
DA:4,3
DA:6,3
DA:10,3
DA:13,24
DA:17,6
DA:20,6
DA:24,6
DA:25,2
DA:29,4
DA:30,4
DA:33,3
DA:40,3
DA:44,3
DA:50,10
DA:56,2
DA:62,7
DA:64,7
DA:65,2
DA:68,5
DA:69,2
DA:72,3
DA:73,3
DA:77,3
DA:81,2
DA:87,0
DA:89,0
DA:90,0
DA:93,0
DA:94,0
DA:98,0
DA:100,0
DA:101,0
DA:104,0
DA:105,0
LF:37
LH:27
BRDA:24,0,0,2
BRDA:64,1,0,2
BRDA:68,2,0,2
BRDA:89,3,0,0
BRDA:100,4,0,0
BRF:5
BRH:3
end_of_record
TN:
SF:src/users/entities/user.entity.ts
FN:4,(anonymous_2)
FN:48,(anonymous_3)
FN:53,(anonymous_4)
FN:58,(anonymous_5)
FNF:4
FNH:1
FNDA:4,(anonymous_2)
FNDA:0,(anonymous_3)
FNDA:0,(anonymous_4)
FNDA:0,(anonymous_5)
DA:1,4
DA:2,4
DA:4,4
DA:5,4
DA:6,4
DA:7,4
DA:11,4
DA:13,4
DA:16,4
DA:20,4
DA:23,4
DA:26,4
DA:33,4
DA:36,4
DA:39,4
DA:42,4
DA:45,4
DA:49,0
DA:54,0
DA:59,0
LF:20
LH:17
BRDA:4,0,0,4
BRDA:4,0,1,4
BRDA:49,1,0,0
BRDA:49,1,1,0
BRDA:49,2,0,0
BRDA:49,2,1,0
BRDA:49,3,0,0
BRDA:49,3,1,0
BRDA:54,4,0,0
BRDA:54,4,1,0
BRF:10
BRH:2
end_of_record
