TN:
SF:src\app.module.ts
FNF:0
FNH:0
DA:1,0
DA:2,0
DA:3,0
DA:4,0
DA:5,0
DA:6,0
DA:7,0
DA:8,0
DA:23,0
LF:9
LH:0
BRF:0
BRH:0
end_of_record
TN:
SF:src\auth\auth.service.ts
FN:4,(anonymous_1)
FN:8,(anonymous_2)
FN:39,(anonymous_3)
FNF:3
FNH:0
FNDA:0,(anonymous_1)
FNDA:0,(anonymous_2)
FNDA:0,(anonymous_3)
DA:1,1
DA:4,1
DA:5,0
DA:6,0
DA:9,0
DA:10,0
DA:12,0
DA:20,0
DA:22,0
DA:23,0
DA:24,0
DA:25,0
DA:28,0
DA:29,0
DA:31,0
DA:33,0
DA:34,0
DA:35,0
DA:40,0
DA:43,0
DA:45,0
DA:46,0
LF:22
LH:2
BRDA:6,0,0,0
BRDA:6,0,1,0
BRDA:22,1,0,0
BRF:3
BRH:0
end_of_record
TN:
SF:src\auth\jwt-auth.guard.ts
FN:14,(anonymous_2)
FN:16,(anonymous_3)
FN:42,(anonymous_4)
FNF:3
FNH:1
FNDA:10,(anonymous_2)
FNDA:0,(anonymous_3)
FNDA:0,(anonymous_4)
DA:1,1
DA:8,1
DA:11,1
DA:12,10
DA:14,10
DA:17,0
DA:18,0
DA:20,0
DA:21,0
DA:22,0
DA:25,0
DA:26,0
DA:28,0
DA:29,0
DA:30,0
DA:34,0
DA:35,0
DA:37,0
DA:38,0
DA:43,0
DA:44,0
LF:21
LH:5
BRDA:20,0,0,0
BRDA:28,1,0,0
BRDA:43,2,0,0
BRDA:43,2,1,0
BRDA:44,3,0,0
BRDA:44,3,1,0
BRF:6
BRH:0
end_of_record
TN:
SF:src\config\database.config.ts
FNF:0
FNH:0
DA:2,0
DA:4,0
LF:2
LH:0
BRDA:6,0,0,0
BRDA:6,0,1,0
BRDA:7,1,0,0
BRDA:7,1,1,0
BRDA:8,2,0,0
BRDA:8,2,1,0
BRDA:9,3,0,0
BRDA:9,3,1,0
BRDA:10,4,0,0
BRDA:10,4,1,0
BRDA:14,5,0,0
BRDA:14,5,1,0
BRF:12
BRH:0
end_of_record
TN:
SF:src\controllers\comments.controller.ts
FN:34,(anonymous_4)
FN:61,(anonymous_5)
FN:138,(anonymous_6)
FN:162,(anonymous_7)
FN:189,(anonymous_8)
FN:222,(anonymous_9)
FN:255,(anonymous_10)
FN:295,(anonymous_11)
FN:314,(anonymous_12)
FN:335,(anonymous_13)
FN:365,(anonymous_14)
FNF:11
FNH:10
FNDA:10,(anonymous_4)
FNDA:1,(anonymous_5)
FNDA:1,(anonymous_6)
FNDA:1,(anonymous_7)
FNDA:1,(anonymous_8)
FNDA:1,(anonymous_9)
FNDA:1,(anonymous_10)
FNDA:1,(anonymous_11)
FNDA:0,(anonymous_12)
FNDA:1,(anonymous_13)
FNDA:1,(anonymous_14)
DA:1,1
DA:15,1
DA:23,1
DA:24,1
DA:25,1
DA:26,1
DA:27,1
DA:28,1
DA:29,1
DA:33,1
DA:34,10
DA:61,1
DA:67,1
DA:69,1
DA:138,1
DA:142,1
DA:162,1
DA:163,1
DA:189,1
DA:190,1
DA:222,1
DA:227,1
DA:255,1
DA:259,1
DA:295,1
DA:300,1
DA:314,1
DA:315,0
DA:335,1
DA:338,1
DA:365,1
DA:366,1
LF:32
LH:31
BRF:0
BRH:0
end_of_record
TN:
SF:src\dto\create-comment.dto.ts
FNF:0
FNH:0
DA:1,2
DA:2,2
DA:4,2
DA:16,2
DA:24,2
DA:33,2
LF:6
LH:6
BRF:0
BRH:0
end_of_record
TN:
SF:src\dto\moderate-comment.dto.ts
FNF:0
FNH:0
DA:1,1
DA:2,1
DA:3,1
DA:5,1
DA:14,1
DA:27,1
LF:6
LH:6
BRF:0
BRH:0
end_of_record
TN:
SF:src\dto\query-comments.dto.ts
FN:6,(anonymous_2)
FN:13,(anonymous_3)
FN:18,(anonymous_4)
FN:27,(anonymous_5)
FN:41,(anonymous_6)
FN:104,(anonymous_7)
FN:123,(anonymous_8)
FNF:7
FNH:2
FNDA:4,(anonymous_2)
FNDA:4,(anonymous_3)
FNDA:0,(anonymous_4)
FNDA:0,(anonymous_5)
FNDA:0,(anonymous_6)
FNDA:0,(anonymous_7)
FNDA:0,(anonymous_8)
DA:1,4
DA:2,4
DA:3,4
DA:4,4
DA:6,4
DA:7,4
DA:8,4
DA:9,4
DA:10,4
DA:13,4
DA:14,4
DA:15,4
DA:18,4
DA:27,0
DA:30,4
DA:41,0
DA:45,4
DA:56,4
DA:67,4
DA:77,4
DA:86,4
DA:95,4
DA:104,0
DA:105,4
DA:114,4
DA:123,0
DA:124,4
LF:27
LH:23
BRDA:6,0,0,4
BRDA:6,0,1,4
BRDA:13,1,0,4
BRDA:13,1,1,4
BRDA:104,2,0,0
BRDA:104,2,1,0
BRDA:123,3,0,0
BRDA:123,3,1,0
BRF:8
BRH:4
end_of_record
TN:
SF:src\dto\update-comment.dto.ts
FNF:0
FNH:0
DA:1,1
DA:2,1
DA:4,1
DA:18,1
LF:4
LH:4
BRF:0
BRH:0
end_of_record
TN:
SF:src\entities\comment.entity.ts
FN:9,(anonymous_2)
FN:68,(anonymous_3)
FN:72,(anonymous_4)
FN:76,(anonymous_5)
FNF:4
FNH:4
FNDA:5,(anonymous_2)
FNDA:2,(anonymous_3)
FNDA:2,(anonymous_4)
FNDA:1,(anonymous_5)
DA:1,5
DA:9,5
DA:10,5
DA:11,5
DA:12,5
DA:13,5
DA:17,5
DA:19,5
DA:22,5
DA:25,5
DA:28,5
DA:31,5
DA:38,5
DA:41,5
DA:44,5
DA:47,5
DA:50,5
DA:53,5
DA:56,5
DA:59,5
DA:62,5
DA:65,5
DA:69,2
DA:73,2
DA:77,1
LF:25
LH:25
BRDA:9,0,0,5
BRDA:9,0,1,5
BRF:2
BRH:2
end_of_record
TN:
SF:src\services\comments.service.ts
FN:34,(anonymous_4)
FN:39,(anonymous_5)
FN:74,(anonymous_6)
FN:142,(anonymous_7)
FN:262,(anonymous_8)
FN:272,(anonymous_9)
FN:301,(anonymous_10)
FN:320,(anonymous_11)
FN:345,(anonymous_12)
FN:361,(anonymous_13)
FN:366,(anonymous_14)
FN:392,(anonymous_15)
FN:407,(anonymous_16)
FNF:13
FNH:11
FNDA:24,(anonymous_4)
FNDA:4,(anonymous_5)
FNDA:9,(anonymous_6)
FNDA:7,(anonymous_7)
FNDA:7,(anonymous_8)
FNDA:2,(anonymous_9)
FNDA:1,(anonymous_10)
FNDA:2,(anonymous_11)
FNDA:1,(anonymous_12)
FNDA:0,(anonymous_13)
FNDA:1,(anonymous_14)
FNDA:1,(anonymous_15)
FNDA:0,(anonymous_16)
DA:1,4
DA:8,4
DA:9,4
DA:10,4
DA:14,4
DA:31,4
DA:32,24
DA:36,24
DA:40,4
DA:42,4
DA:43,2
DA:47,2
DA:48,1
DA:52,1
DA:53,0
DA:57,3
DA:64,3
DA:65,3
DA:67,3
DA:69,1
DA:70,1
DA:75,9
DA:76,9
DA:78,9
DA:79,7
DA:83,2
DA:88,2
DA:89,0
DA:92,2
DA:93,0
DA:96,2
DA:97,0
DA:100,2
DA:101,0
DA:105,2
DA:106,2
DA:107,0
DA:108,2
DA:109,0
DA:112,2
DA:115,2
DA:116,2
DA:118,2
DA:120,2
DA:121,2
DA:122,2
DA:124,2
DA:126,2
DA:137,0
DA:138,0
DA:143,7
DA:145,7
DA:150,7
DA:151,1
DA:154,7
DA:155,1
DA:158,7
DA:159,0
DA:162,7
DA:163,1
DA:167,7
DA:168,7
DA:169,7
DA:170,0
DA:171,0
DA:172,7
DA:173,1
DA:174,1
DA:178,7
DA:180,5
DA:185,5
DA:186,4
DA:188,4
DA:190,3
DA:196,1
DA:205,7
DA:206,7
DA:209,7
DA:211,7
DA:212,7
DA:215,7
DA:216,1
DA:220,7
DA:221,7
DA:225,7
DA:228,7
DA:233,7
DA:234,1
DA:236,7
DA:237,1
DA:239,7
DA:240,0
DA:242,7
DA:243,1
DA:246,7
DA:248,7
DA:250,7
DA:263,7
DA:265,7
DA:266,1
DA:269,6
DA:273,2
DA:274,2
DA:277,2
DA:278,1
DA:282,1
DA:283,0
DA:287,1
DA:288,1
DA:289,1
DA:291,1
DA:292,1
DA:294,1
DA:296,1
DA:297,1
DA:302,1
DA:303,1
DA:306,1
DA:307,0
DA:311,1
DA:313,1
DA:315,0
DA:316,0
DA:321,2
DA:322,2
DA:325,2
DA:326,1
DA:330,1
DA:331,1
DA:332,1
DA:333,1
DA:335,1
DA:336,1
DA:338,1
DA:340,1
DA:341,1
DA:346,1
DA:347,1
DA:351,1
DA:352,1
DA:353,1
DA:356,0
DA:357,0
DA:362,0
DA:363,0
DA:367,1
DA:368,1
DA:370,1
DA:371,1
DA:374,1
DA:375,1
DA:376,1
DA:377,1
DA:379,1
DA:387,0
DA:388,0
DA:394,1
DA:399,1
DA:400,0
DA:404,1
DA:408,0
DA:409,0
DA:411,0
DA:414,0
DA:415,0
DA:418,0
DA:419,0
DA:422,0
DA:423,0
DA:426,0
DA:427,0
DA:431,0
DA:432,0
DA:433,0
DA:434,0
DA:435,0
DA:438,0
DA:441,0
DA:442,0
DA:444,0
DA:446,0
DA:447,0
DA:448,0
DA:450,0
DA:460,0
DA:461,0
LF:186
LH:136
BRDA:42,0,0,2
BRDA:47,1,0,1
BRDA:52,2,0,0
BRDA:76,3,0,7
BRDA:78,4,0,7
BRDA:88,5,0,0
BRDA:92,6,0,0
BRDA:96,7,0,0
BRDA:100,8,0,0
BRDA:106,9,0,0
BRDA:106,9,1,2
BRDA:108,10,0,0
BRDA:150,11,0,1
BRDA:154,12,0,1
BRDA:158,13,0,0
BRDA:162,14,0,1
BRDA:169,15,0,0
BRDA:169,15,1,7
BRDA:172,16,0,1
BRDA:178,17,0,5
BRDA:185,18,0,4
BRDA:188,19,0,3
BRDA:188,19,1,1
BRDA:215,20,0,1
BRDA:220,21,0,1
BRDA:220,21,1,6
BRDA:220,22,0,7
BRDA:220,22,1,1
BRDA:225,23,0,5
BRDA:225,23,1,2
BRDA:233,24,0,1
BRDA:236,25,0,1
BRDA:239,26,0,0
BRDA:242,27,0,1
BRDA:265,28,0,1
BRDA:277,29,0,1
BRDA:282,30,0,0
BRDA:306,31,0,0
BRDA:325,32,0,1
BRDA:325,33,0,2
BRDA:325,33,1,1
BRDA:351,34,0,1
BRDA:370,35,0,1
BRDA:384,36,0,1
BRDA:384,36,1,0
BRDA:414,37,0,0
BRDA:418,38,0,0
BRDA:422,39,0,0
BRDA:426,40,0,0
BRDA:432,41,0,0
BRDA:432,41,1,0
BRDA:434,42,0,0
BRF:52
BRH:32
end_of_record
TN:
SF:src\test\setup.ts
FN:8,(anonymous_0)
FN:12,(anonymous_1)
FNF:2
FNH:0
FNDA:0,(anonymous_0)
FNDA:0,(anonymous_1)
DA:1,0
DA:2,0
DA:5,0
DA:8,0
DA:12,0
DA:17,0
LF:6
LH:0
BRF:0
BRH:0
end_of_record
