TN:
SF:src\app.module.ts
FNF:0
FNH:0
DA:1,0
DA:2,0
DA:3,0
DA:4,0
DA:5,0
DA:6,0
DA:7,0
DA:8,0
DA:23,0
LF:9
LH:0
BRF:0
BRH:0
end_of_record
TN:
SF:src\auth\auth.service.ts
FN:4,(anonymous_1)
FN:8,(anonymous_2)
FN:39,(anonymous_3)
FNF:3
FNH:0
FNDA:0,(anonymous_1)
FNDA:0,(anonymous_2)
FNDA:0,(anonymous_3)
DA:1,1
DA:4,1
DA:5,0
DA:6,0
DA:9,0
DA:10,0
DA:12,0
DA:20,0
DA:22,0
DA:23,0
DA:24,0
DA:25,0
DA:28,0
DA:29,0
DA:31,0
DA:33,0
DA:34,0
DA:35,0
DA:40,0
DA:43,0
DA:45,0
DA:46,0
LF:22
LH:2
BRDA:6,0,0,0
BRDA:6,0,1,0
BRDA:22,1,0,0
BRF:3
BRH:0
end_of_record
TN:
SF:src\auth\jwt-auth.guard.ts
FN:14,(anonymous_2)
FN:16,(anonymous_3)
FN:42,(anonymous_4)
FNF:3
FNH:1
FNDA:10,(anonymous_2)
FNDA:0,(anonymous_3)
FNDA:0,(anonymous_4)
DA:1,1
DA:8,1
DA:11,1
DA:12,10
DA:14,10
DA:17,0
DA:18,0
DA:20,0
DA:21,0
DA:22,0
DA:25,0
DA:26,0
DA:28,0
DA:29,0
DA:30,0
DA:34,0
DA:35,0
DA:37,0
DA:38,0
DA:43,0
DA:44,0
LF:21
LH:5
BRDA:20,0,0,0
BRDA:28,1,0,0
BRDA:43,2,0,0
BRDA:43,2,1,0
BRDA:44,3,0,0
BRDA:44,3,1,0
BRF:6
BRH:0
end_of_record
TN:
SF:src\config\database.config.ts
FNF:0
FNH:0
DA:2,0
DA:4,0
LF:2
LH:0
BRDA:6,0,0,0
BRDA:6,0,1,0
BRDA:7,1,0,0
BRDA:7,1,1,0
BRDA:8,2,0,0
BRDA:8,2,1,0
BRDA:9,3,0,0
BRDA:9,3,1,0
BRDA:10,4,0,0
BRDA:10,4,1,0
BRDA:14,5,0,0
BRDA:14,5,1,0
BRF:12
BRH:0
end_of_record
TN:
SF:src\controllers\comments.controller.ts
FN:34,(anonymous_4)
FN:61,(anonymous_5)
FN:123,(anonymous_6)
FN:147,(anonymous_7)
FN:174,(anonymous_8)
FN:207,(anonymous_9)
FN:240,(anonymous_10)
FN:280,(anonymous_11)
FN:299,(anonymous_12)
FN:320,(anonymous_13)
FN:350,(anonymous_14)
FNF:11
FNH:10
FNDA:10,(anonymous_4)
FNDA:1,(anonymous_5)
FNDA:1,(anonymous_6)
FNDA:1,(anonymous_7)
FNDA:1,(anonymous_8)
FNDA:1,(anonymous_9)
FNDA:1,(anonymous_10)
FNDA:1,(anonymous_11)
FNDA:0,(anonymous_12)
FNDA:1,(anonymous_13)
FNDA:1,(anonymous_14)
DA:1,1
DA:15,1
DA:23,1
DA:24,1
DA:25,1
DA:26,1
DA:27,1
DA:28,1
DA:29,1
DA:33,1
DA:34,10
DA:61,1
DA:67,1
DA:69,1
DA:123,1
DA:127,1
DA:147,1
DA:148,1
DA:174,1
DA:175,1
DA:207,1
DA:212,1
DA:240,1
DA:244,1
DA:280,1
DA:285,1
DA:299,1
DA:300,0
DA:320,1
DA:323,1
DA:350,1
DA:351,1
LF:32
LH:31
BRF:0
BRH:0
end_of_record
TN:
SF:src\dto\create-comment.dto.ts
FNF:0
FNH:0
DA:1,2
DA:2,2
DA:4,2
DA:16,2
DA:24,2
DA:33,2
LF:6
LH:6
BRF:0
BRH:0
end_of_record
TN:
SF:src\dto\moderate-comment.dto.ts
FNF:0
FNH:0
DA:1,1
DA:2,1
DA:3,1
DA:5,1
DA:14,1
DA:27,1
LF:6
LH:6
BRF:0
BRH:0
end_of_record
TN:
SF:src\dto\query-comments.dto.ts
FN:6,(anonymous_2)
FN:13,(anonymous_3)
FN:18,(anonymous_4)
FN:27,(anonymous_5)
FN:41,(anonymous_6)
FN:104,(anonymous_7)
FNF:6
FNH:2
FNDA:3,(anonymous_2)
FNDA:3,(anonymous_3)
FNDA:0,(anonymous_4)
FNDA:0,(anonymous_5)
FNDA:0,(anonymous_6)
FNDA:0,(anonymous_7)
DA:1,3
DA:2,3
DA:3,3
DA:4,3
DA:6,3
DA:7,3
DA:8,3
DA:9,3
DA:10,3
DA:13,3
DA:14,3
DA:15,3
DA:18,3
DA:27,0
DA:30,3
DA:41,0
DA:45,3
DA:56,3
DA:67,3
DA:77,3
DA:86,3
DA:95,3
DA:104,0
DA:105,3
LF:24
LH:21
BRDA:6,0,0,3
BRDA:6,0,1,3
BRDA:13,1,0,3
BRDA:13,1,1,3
BRDA:104,2,0,0
BRDA:104,2,1,0
BRF:6
BRH:4
end_of_record
TN:
SF:src\dto\update-comment.dto.ts
FNF:0
FNH:0
DA:1,1
DA:2,1
DA:4,1
DA:18,1
LF:4
LH:4
BRF:0
BRH:0
end_of_record
TN:
SF:src\entities\comment.entity.ts
FN:9,(anonymous_2)
FN:68,(anonymous_3)
FN:72,(anonymous_4)
FN:76,(anonymous_5)
FNF:4
FNH:4
FNDA:4,(anonymous_2)
FNDA:2,(anonymous_3)
FNDA:2,(anonymous_4)
FNDA:1,(anonymous_5)
DA:1,4
DA:9,4
DA:10,4
DA:11,4
DA:12,4
DA:13,4
DA:17,4
DA:19,4
DA:22,4
DA:25,4
DA:28,4
DA:31,4
DA:38,4
DA:41,4
DA:44,4
DA:47,4
DA:50,4
DA:53,4
DA:56,4
DA:59,4
DA:62,4
DA:65,4
DA:69,2
DA:73,2
DA:77,1
LF:25
LH:25
BRDA:9,0,0,4
BRDA:9,0,1,4
BRF:2
BRH:2
end_of_record
TN:
SF:src\services\comments.service.ts
FN:30,(anonymous_4)
FN:35,(anonymous_5)
FN:70,(anonymous_6)
FN:132,(anonymous_7)
FN:142,(anonymous_8)
FN:171,(anonymous_9)
FN:190,(anonymous_10)
FN:215,(anonymous_11)
FN:231,(anonymous_12)
FN:236,(anonymous_13)
FN:262,(anonymous_14)
FN:277,(anonymous_15)
FNF:12
FNH:10
FNDA:16,(anonymous_4)
FNDA:4,(anonymous_5)
FNDA:1,(anonymous_6)
FNDA:7,(anonymous_7)
FNDA:2,(anonymous_8)
FNDA:1,(anonymous_9)
FNDA:2,(anonymous_10)
FNDA:1,(anonymous_11)
FNDA:0,(anonymous_12)
FNDA:1,(anonymous_13)
FNDA:1,(anonymous_14)
FNDA:0,(anonymous_15)
DA:1,3
DA:8,3
DA:9,3
DA:10,3
DA:14,3
DA:27,3
DA:28,16
DA:32,16
DA:36,4
DA:38,4
DA:39,2
DA:43,2
DA:44,1
DA:48,1
DA:49,0
DA:53,3
DA:60,3
DA:61,3
DA:63,3
DA:65,1
DA:66,1
DA:71,1
DA:72,1
DA:74,1
DA:79,1
DA:80,0
DA:83,1
DA:84,0
DA:87,1
DA:88,0
DA:91,1
DA:92,0
DA:96,1
DA:97,1
DA:98,0
DA:99,1
DA:100,0
DA:103,1
DA:106,1
DA:107,1
DA:109,1
DA:111,1
DA:112,1
DA:113,1
DA:115,1
DA:117,1
DA:127,0
DA:128,0
DA:133,7
DA:135,7
DA:136,1
DA:139,6
DA:143,2
DA:144,2
DA:147,2
DA:148,1
DA:152,1
DA:153,0
DA:157,1
DA:158,1
DA:159,1
DA:161,1
DA:162,1
DA:164,1
DA:166,1
DA:167,1
DA:172,1
DA:173,1
DA:176,1
DA:177,0
DA:181,1
DA:183,1
DA:185,0
DA:186,0
DA:191,2
DA:192,2
DA:195,2
DA:196,1
DA:200,1
DA:201,1
DA:202,1
DA:203,1
DA:205,1
DA:206,1
DA:208,1
DA:210,1
DA:211,1
DA:216,1
DA:217,1
DA:221,1
DA:222,1
DA:223,1
DA:226,0
DA:227,0
DA:232,0
DA:233,0
DA:237,1
DA:238,1
DA:240,1
DA:241,1
DA:244,1
DA:245,1
DA:246,1
DA:247,1
DA:249,1
DA:257,0
DA:258,0
DA:264,1
DA:269,1
DA:270,0
DA:274,1
DA:278,0
DA:279,0
DA:281,0
DA:284,0
DA:285,0
DA:288,0
DA:289,0
DA:292,0
DA:293,0
DA:296,0
DA:297,0
DA:301,0
DA:302,0
DA:303,0
DA:304,0
DA:305,0
DA:308,0
DA:311,0
DA:312,0
DA:314,0
DA:316,0
DA:317,0
DA:318,0
DA:320,0
DA:330,0
DA:331,0
LF:137
LH:91
BRDA:38,0,0,2
BRDA:43,1,0,1
BRDA:48,2,0,0
BRDA:79,3,0,0
BRDA:83,4,0,0
BRDA:87,5,0,0
BRDA:91,6,0,0
BRDA:97,7,0,0
BRDA:97,7,1,1
BRDA:99,8,0,0
BRDA:135,9,0,1
BRDA:147,10,0,1
BRDA:152,11,0,0
BRDA:176,12,0,0
BRDA:195,13,0,1
BRDA:195,14,0,2
BRDA:195,14,1,1
BRDA:221,15,0,1
BRDA:240,16,0,1
BRDA:254,17,0,1
BRDA:254,17,1,0
BRDA:284,18,0,0
BRDA:288,19,0,0
BRDA:292,20,0,0
BRDA:296,21,0,0
BRDA:302,22,0,0
BRDA:302,22,1,0
BRDA:304,23,0,0
BRF:28
BRH:11
end_of_record
TN:
SF:src\test\setup.ts
FN:8,(anonymous_0)
FN:12,(anonymous_1)
FNF:2
FNH:0
FNDA:0,(anonymous_0)
FNDA:0,(anonymous_1)
DA:1,0
DA:2,0
DA:5,0
DA:8,0
DA:12,0
DA:17,0
LF:6
LH:0
BRF:0
BRH:0
end_of_record
